"../../../Engine/Content/EditorResources/S_Actor.ubulk" 0
"../../../Engine/Content/EditorResources/S_Actor.uasset" 1
"../../../Engine/Content/EditorResources/S_Actor.uexp" 2
"../../../Engine/Content/EditorResources/S_BoxReflectionCapture.uasset" 3
"../../../Engine/Content/EditorResources/S_BoxReflectionCapture.uexp" 4
"../../../Engine/Content/EngineResources/DefaultTexture.ubulk" 5
"../../../Engine/Content/EngineResources/DefaultTexture.uasset" 6
"../../../Engine/Content/EngineResources/DefaultTexture.uexp" 7
"../../../Engine/Content/EngineResources/DefaultTextureCube.uasset" 8
"../../../Engine/Content/EngineResources/DefaultTextureCube.uexp" 9
"../../../Engine/Content/EngineResources/DefaultVolumeTexture2D.uasset" 10
"../../../Engine/Content/EngineResources/DefaultVolumeTexture2D.uexp" 11
"../../../Engine/Content/EngineResources/DefaultVolumeTexture.uasset" 12
"../../../Engine/Content/EngineResources/DefaultVolumeTexture.uexp" 13
"../../../Engine/Content/EditorResources/S_Trigger.ubulk" 14
"../../../Engine/Content/EditorResources/S_Trigger.uasset" 15
"../../../Engine/Content/EditorResources/S_Trigger.uexp" 16
"../../../Engine/Content/EditorResources/S_TriggerBox.uasset" 17
"../../../Engine/Content/EditorResources/S_TriggerBox.uexp" 18
"../../../Engine/Content/EditorResources/S_TriggerCapsule.uasset" 19
"../../../Engine/Content/EditorResources/S_TriggerCapsule.uexp" 20
"../../../Engine/Content/EditorResources/S_TriggerSphere.uasset" 21
"../../../Engine/Content/EditorResources/S_TriggerSphere.uexp" 22
"../../../Engine/Content/EngineMeshes/Sphere.ubulk" 23
"../../../Engine/Content/EngineMeshes/Sphere.uasset" 24
"../../../Engine/Content/EngineMeshes/Sphere.uexp" 25
"../../../Engine/Content/EngineResources/GradientTexture0.uasset" 26
"../../../Engine/Content/EngineResources/GradientTexture0.uexp" 27
"../../../Engine/Content/EngineResources/Black.uasset" 28
"../../../Engine/Content/EngineResources/Black.uexp" 29
"../../../Engine/Content/VREditor/LaserPointer/VR_LaserPower_01.ubulk" 30
"../../../Engine/Content/VREditor/LaserPointer/VR_LaserPower_01.uasset" 31
"../../../Engine/Content/VREditor/LaserPointer/VR_LaserPower_01.uexp" 32
"../../../Engine/Content/VREditor/TransformGizmo/TransformGizmoMaterial.uasset" 33
"../../../Engine/Content/VREditor/TransformGizmo/TransformGizmoMaterial.uexp" 34
"../../../Engine/Content/VREditor/TransformGizmo/TranslucentTransformGizmoMaterial.uasset" 35
"../../../Engine/Content/VREditor/TransformGizmo/TranslucentTransformGizmoMaterial.uexp" 36
"../../../Engine/Content/VREditor/TransformGizmo/PlaneTranslationHandle.ubulk" 37
"../../../Engine/Content/VREditor/TransformGizmo/PlaneTranslationHandle.uasset" 38
"../../../Engine/Content/VREditor/TransformGizmo/PlaneTranslationHandle.uexp" 39
"../../../Engine/Content/VREditor/TransformGizmo/BoundingBoxCorner.ubulk" 40
"../../../Engine/Content/VREditor/TransformGizmo/BoundingBoxCorner.uasset" 41
"../../../Engine/Content/VREditor/TransformGizmo/BoundingBoxCorner.uexp" 42
"../../../Engine/Content/VREditor/TransformGizmo/BoundingBoxEdge.ubulk" 43
"../../../Engine/Content/VREditor/TransformGizmo/BoundingBoxEdge.uasset" 44
"../../../Engine/Content/VREditor/TransformGizmo/BoundingBoxEdge.uexp" 45
"../../../Engine/Content/VREditor/TransformGizmo/Main.uasset" 46
"../../../Engine/Content/VREditor/TransformGizmo/Main.uexp" 47
"../../../Engine/Content/VREditor/TransformGizmo/Xray.uasset" 48
"../../../Engine/Content/VREditor/TransformGizmo/Xray.uexp" 49
"../../../Engine/Content/VREditor/TransformGizmo/SM_Sequencer_Node.ubulk" 50
"../../../Engine/Content/VREditor/TransformGizmo/SM_Sequencer_Node.uasset" 51
"../../../Engine/Content/VREditor/TransformGizmo/SM_Sequencer_Node.uexp" 52
"../../../Engine/Content/EditorMaterials/Camera/CineMat.uasset" 53
"../../../Engine/Content/EditorMaterials/Camera/CineMat.uexp" 54
"../../../Engine/Content/EditorMaterials/Camera/MI_CineMat_Rig.uasset" 55
"../../../Engine/Content/EditorMaterials/Camera/MI_CineMat_Rig.uexp" 56
"../../../Engine/Content/EditorMeshes/Camera/SM_CraneRig_Base.ubulk" 57
"../../../Engine/Content/EditorMeshes/Camera/SM_CraneRig_Base.uasset" 58
"../../../Engine/Content/EditorMeshes/Camera/SM_CraneRig_Base.uexp" 59
"../../../Engine/Content/EditorMeshes/Camera/SM_CraneRig_Arm.ubulk" 60
"../../../Engine/Content/EditorMeshes/Camera/SM_CraneRig_Arm.uasset" 61
"../../../Engine/Content/EditorMeshes/Camera/SM_CraneRig_Arm.uexp" 62
"../../../Engine/Content/EditorMeshes/Camera/SM_CraneRig_Mount.ubulk" 63
"../../../Engine/Content/EditorMeshes/Camera/SM_CraneRig_Mount.uasset" 64
"../../../Engine/Content/EditorMeshes/Camera/SM_CraneRig_Mount.uexp" 65
"../../../Engine/Content/EditorMeshes/Camera/SM_CraneRig_Body.ubulk" 66
"../../../Engine/Content/EditorMeshes/Camera/SM_CraneRig_Body.uasset" 67
"../../../Engine/Content/EditorMeshes/Camera/SM_CraneRig_Body.uexp" 68
"../../../Engine/Content/EditorMeshes/Camera/SM_RailRig_Track.ubulk" 69
"../../../Engine/Content/EditorMeshes/Camera/SM_RailRig_Track.uasset" 70
"../../../Engine/Content/EditorMeshes/Camera/SM_RailRig_Track.uexp" 71
"../../../Engine/Content/EditorMeshes/Camera/SM_RailRig_Mount.ubulk" 72
"../../../Engine/Content/EditorMeshes/Camera/SM_RailRig_Mount.uasset" 73
"../../../Engine/Content/EditorMeshes/Camera/SM_RailRig_Mount.uexp" 74
"../../../Engine/Content/EngineMaterials/T_Default_Material_Grid_M.ubulk" 75
"../../../Engine/Content/EngineMaterials/T_Default_Material_Grid_M.uasset" 76
"../../../Engine/Content/EngineMaterials/T_Default_Material_Grid_M.uexp" 77
"../../../Engine/Content/EngineMaterials/T_Default_Material_Grid_N.ubulk" 78
"../../../Engine/Content/EngineMaterials/T_Default_Material_Grid_N.uasset" 79
"../../../Engine/Content/EngineMaterials/T_Default_Material_Grid_N.uexp" 80
"../../../Engine/Content/Functions/Engine_MaterialFunctions01/Opacity/CameraDepthFade.uasset" 81
"../../../Engine/Content/Functions/Engine_MaterialFunctions01/Opacity/CameraDepthFade.uexp" 82
"../../../Engine/Content/EngineMaterials/WorldGridMaterial.uasset" 83
"../../../Engine/Content/EngineMaterials/WorldGridMaterial.uexp" 84
"../../../Engine/Content/ArtTools/RenderToTexture/Meshes/S_1_Unit_Plane.ubulk" 85
"../../../Engine/Content/ArtTools/RenderToTexture/Meshes/S_1_Unit_Plane.uasset" 86
"../../../Engine/Content/ArtTools/RenderToTexture/Meshes/S_1_Unit_Plane.uexp" 87
"../../../Engine/Content/EditorMaterials/ParticleSystems/PSysThumbnail_NoImage.ubulk" 88
"../../../Engine/Content/EditorMaterials/ParticleSystems/PSysThumbnail_NoImage.uasset" 89
"../../../Engine/Content/EditorMaterials/ParticleSystems/PSysThumbnail_NoImage.uexp" 90
"../../../Engine/Content/EditorMaterials/ParticleSystems/PSysThumbnail_OOD.ubulk" 91
"../../../Engine/Content/EditorMaterials/ParticleSystems/PSysThumbnail_OOD.uasset" 92
"../../../Engine/Content/EditorMaterials/ParticleSystems/PSysThumbnail_OOD.uexp" 93
"../../../Engine/Content/EditorLandscapeResources/SplineEditorMeshMat.uasset" 94
"../../../Engine/Content/EditorLandscapeResources/SplineEditorMeshMat.uexp" 95
"../../../Engine/Content/EditorLandscapeResources/SplineEditorMesh.ubulk" 96
"../../../Engine/Content/EditorLandscapeResources/SplineEditorMesh.uasset" 97
"../../../Engine/Content/EditorLandscapeResources/SplineEditorMesh.uexp" 98
"../../../Engine/Content/EditorResources/S_Solver.ubulk" 99
"../../../Engine/Content/EditorResources/S_Solver.uasset" 100
"../../../Engine/Content/EditorResources/S_Solver.uexp" 101
"../../../Engine/Plugins/Media/MediaPlate/Content/SM_MediaPlateScreen.ubulk" 102
"../../../Engine/Plugins/Media/MediaPlate/Content/SM_MediaPlateScreen.uasset" 103
"../../../Engine/Plugins/Media/MediaPlate/Content/SM_MediaPlateScreen.uexp" 104
"../../../Engine/Content/EngineMaterials/Good64x64TilingNoiseHighFreq.uasset" 105
"../../../Engine/Content/EngineMaterials/Good64x64TilingNoiseHighFreq.uexp" 106
"../../../Engine/Content/EngineMaterials/DefaultBokeh.uasset" 107
"../../../Engine/Content/EngineMaterials/DefaultBokeh.uexp" 108
"../../../Engine/Content/EngineMaterials/PreintegratedSkinBRDF.uasset" 109
"../../../Engine/Content/EngineMaterials/PreintegratedSkinBRDF.uexp" 110
"../../../Engine/Content/EngineMaterials/MiniFont.uasset" 111
"../../../Engine/Content/EngineMaterials/MiniFont.uexp" 112
"../../../Engine/Content/EngineMaterials/WeightMapPlaceholderTexture.uasset" 113
"../../../Engine/Content/EngineMaterials/WeightMapPlaceholderTexture.uexp" 114
"../../../Engine/Content/EngineMaterials/DefaultWhiteGrid.ubulk" 115
"../../../Engine/Content/EngineMaterials/DefaultWhiteGrid.uasset" 116
"../../../Engine/Content/EngineMaterials/DefaultWhiteGrid.uexp" 117
"../../../Engine/Content/Animation/DefaultRecorderBoneCompression.uasset" 118
"../../../Engine/Content/Animation/DefaultRecorderBoneCompression.uexp" 119
"../../../Engine/Content/Animation/DefaultAnimCurveCompressionSettings.uasset" 120
"../../../Engine/Content/Animation/DefaultAnimCurveCompressionSettings.uexp" 121
"../../../Engine/Content/Animation/DefaultAnimBoneCompressionSettings.uasset" 122
"../../../Engine/Content/Animation/DefaultAnimBoneCompressionSettings.uexp" 123
"../../../Engine/Content/EngineMaterials/DefaultMaterial.uasset" 124
"../../../Engine/Content/EngineMaterials/DefaultMaterial.uexp" 125
"../../../Engine/Content/BasicShapes/Cylinder.ubulk" 126
"../../../Engine/Content/BasicShapes/Cylinder.uasset" 127
"../../../Engine/Content/BasicShapes/Cylinder.uexp" 128
"../../../Engine/Content/BasicShapes/Cube.ubulk" 129
"../../../Engine/Content/BasicShapes/Cube.uasset" 130
"../../../Engine/Content/BasicShapes/Cube.uexp" 131
"../../../Engine/Content/BasicShapes/Cone.ubulk" 132
"../../../Engine/Content/BasicShapes/Cone.uasset" 133
"../../../Engine/Content/BasicShapes/Cone.uexp" 134
"../../../Engine/Content/EditorLandscapeResources/DefaultAlphaTexture.uasset" 135
"../../../Engine/Content/EditorLandscapeResources/DefaultAlphaTexture.uexp" 136
"../../../Engine/Content/EditorLandscapeResources/DataLayer.uasset" 137
"../../../Engine/Content/EditorLandscapeResources/DataLayer.uexp" 138
"../../../Engine/Content/EditorMaterials/PreviewShadowIndicator.ubulk" 139
"../../../Engine/Content/EditorMaterials/PreviewShadowIndicator.uasset" 140
"../../../Engine/Content/EditorMaterials/PreviewShadowIndicator.uexp" 141
"../../../Engine/Content/EditorMaterials/PreviewShadowIndicatorMaterial.uasset" 142
"../../../Engine/Content/EditorMaterials/PreviewShadowIndicatorMaterial.uexp" 143
"../../../Engine/Content/EditorMaterials/PhAT_UnselectedMaterial.uasset" 144
"../../../Engine/Content/EditorMaterials/PhAT_UnselectedMaterial.uexp" 145
"../../../Engine/Content/EditorMaterials/PhAT_NoCollisionMaterial.uasset" 146
"../../../Engine/Content/EditorMaterials/PhAT_NoCollisionMaterial.uexp" 147
"../../../Engine/Content/Functions/Engine_MaterialFunctions02/Utility/MakeFloat4.uasset" 148
"../../../Engine/Content/Functions/Engine_MaterialFunctions02/Utility/MakeFloat4.uexp" 149
"../../../Engine/Content/Functions/Engine_MaterialFunctions02/Utility/MakeFloat3.uasset" 150
"../../../Engine/Content/Functions/Engine_MaterialFunctions02/Utility/MakeFloat3.uexp" 151
"../../../Engine/Content/Functions/Engine_MaterialFunctions02/Utility/BreakOutFloat3Components.uasset" 152
"../../../Engine/Content/Functions/Engine_MaterialFunctions02/Utility/BreakOutFloat3Components.uexp" 153
"../../../Engine/Content/EditorMaterials/WorldPartition/WorldPartitionSpatialHashGridPreviewMaterial.uasset" 154
"../../../Engine/Content/EditorMaterials/WorldPartition/WorldPartitionSpatialHashGridPreviewMaterial.uexp" 155
"../../../Engine/Content/EditorResources/S_Terrain.ubulk" 156
"../../../Engine/Content/EditorResources/S_Terrain.uasset" 157
"../../../Engine/Content/EditorResources/S_Terrain.uexp" 158
"../../../Engine/Content/EditorResources/S_KHinge.ubulk" 159
"../../../Engine/Content/EditorResources/S_KHinge.uasset" 160
"../../../Engine/Content/EditorResources/S_KHinge.uexp" 161
"../../../Engine/Content/EditorResources/EmptyActor.uasset" 162
"../../../Engine/Content/EditorResources/EmptyActor.uexp" 163
"../../../Engine/Content/EditorResources/BSPVertex.uasset" 164
"../../../Engine/Content/EditorResources/BSPVertex.uexp" 165
"../../../Engine/Content/EditorResources/SequenceRecorder/RecordingIndicator.uasset" 166
"../../../Engine/Content/EditorResources/SequenceRecorder/RecordingIndicator.uexp" 167
"../../../Engine/Content/EditorResources/SequenceRecorder/Countdown.uasset" 168
"../../../Engine/Content/EditorResources/SequenceRecorder/Countdown.uexp" 169
"../../../Engine/Content/EngineDamageTypes/DmgTypeBP_Environmental.uasset" 170
"../../../Engine/Content/EngineDamageTypes/DmgTypeBP_Environmental.uexp" 171
"../../../Engine/Content/Functions/Engine_MaterialFunctions02/Utility/CameraDirectionVector.uasset" 172
"../../../Engine/Content/Functions/Engine_MaterialFunctions02/Utility/CameraDirectionVector.uexp" 173
"../../../Engine/Content/EngineDebugMaterials/VolumeToRender.uasset" 174
"../../../Engine/Content/EngineDebugMaterials/VolumeToRender.uexp" 175
"../../../Engine/Content/EngineDebugMaterials/M_VolumeRenderSphereTracePP.uasset" 176
"../../../Engine/Content/EngineDebugMaterials/M_VolumeRenderSphereTracePP.uexp" 177
"../../../Engine/Content/EngineDebugMaterials/M_SimpleUnlitTranslucent.uasset" 178
"../../../Engine/Content/EngineDebugMaterials/M_SimpleUnlitTranslucent.uexp" 179
"../../../Engine/Content/EngineDebugMaterials/DebugMeshMaterial.uasset" 180
"../../../Engine/Content/EngineDebugMaterials/DebugMeshMaterial.uexp" 181
"../../../Engine/Content/EngineDebugMaterials/DebugEditorMaterial.uasset" 182
"../../../Engine/Content/EngineDebugMaterials/DebugEditorMaterial.uexp" 183
"../../../Engine/Content/EngineFonts/Faces/RobotoLight.uexp" 184
"../../../Engine/Content/EngineFonts/Faces/RobotoLight.uasset" 185
"../../../Engine/Content/EngineFonts/Faces/RobotoLight.ufont" 186
"../../../Engine/Content/EngineFonts/Faces/RobotoBold.uexp" 187
"../../../Engine/Content/EngineFonts/Faces/RobotoBold.uasset" 188
"../../../Engine/Content/EngineFonts/Faces/RobotoBold.ufont" 189
"../../../Engine/Content/EngineFonts/Faces/RobotoRegular.uexp" 190
"../../../Engine/Content/EngineFonts/Faces/RobotoRegular.uasset" 191
"../../../Engine/Content/EngineFonts/Faces/RobotoRegular.ufont" 192
"../../../Engine/Content/EngineFonts/Faces/DroidSansFallback.uexp" 193
"../../../Engine/Content/EngineFonts/Faces/DroidSansFallback.uasset" 194
"../../../Engine/Content/EngineFonts/Faces/DroidSansFallback.ufont" 195
"../../../Engine/Content/EngineFonts/Faces/RobotoItalic.uexp" 196
"../../../Engine/Content/EngineFonts/Faces/RobotoItalic.uasset" 197
"../../../Engine/Content/EngineFonts/Faces/RobotoItalic.ufont" 198
"../../../Engine/Content/EngineFonts/Faces/RobotoBoldItalic.uexp" 199
"../../../Engine/Content/EngineFonts/Faces/RobotoBoldItalic.uasset" 200
"../../../Engine/Content/EngineFonts/Faces/RobotoBoldItalic.ufont" 201
"../../../Engine/Content/EngineFonts/Roboto.uasset" 202
"../../../Engine/Content/EngineFonts/Roboto.uexp" 203
"../../../Engine/Content/EngineResources/WhiteSquareTexture.uasset" 204
"../../../Engine/Content/EngineResources/WhiteSquareTexture.uexp" 205
"../../../Engine/Content/EngineMaterials/Widget3DPassThrough.uasset" 206
"../../../Engine/Content/EngineMaterials/Widget3DPassThrough.uexp" 207
"../../../Engine/Content/EngineMaterials/Widget3DPassThrough_Translucent.uasset" 208
"../../../Engine/Content/EngineMaterials/Widget3DPassThrough_Translucent.uexp" 209
"../../../Engine/Content/EngineMaterials/Widget3DPassThrough_Translucent_OneSided.uasset" 210
"../../../Engine/Content/EngineMaterials/Widget3DPassThrough_Translucent_OneSided.uexp" 211
"../../../Engine/Content/EngineMaterials/Widget3DPassThrough_Opaque.uasset" 212
"../../../Engine/Content/EngineMaterials/Widget3DPassThrough_Opaque.uexp" 213
"../../../Engine/Content/EngineMaterials/Widget3DPassThrough_Opaque_OneSided.uasset" 214
"../../../Engine/Content/EngineMaterials/Widget3DPassThrough_Opaque_OneSided.uexp" 215
"../../../Engine/Content/EngineMaterials/Widget3DPassThrough_Masked_OneSided.uasset" 216
"../../../Engine/Content/EngineMaterials/Widget3DPassThrough_Masked_OneSided.uexp" 217
"../../../Engine/Content/EngineMaterials/Widget3DPassThrough_Masked.uasset" 218
"../../../Engine/Content/EngineMaterials/Widget3DPassThrough_Masked.uexp" 219
"../../../Engine/Content/EngineMaterials/STBlueNoise_vec2_128x128x64.uasset" 220
"../../../Engine/Content/EngineMaterials/STBlueNoise_vec2_128x128x64.uexp" 221
"../../../Engine/Content/EngineMaterials/STBlueNoise_scalar_128x128x64.uasset" 222
"../../../Engine/Content/EngineMaterials/STBlueNoise_scalar_128x128x64.uexp" 223
"../../../Engine/Content/EngineMaterials/RemoveSurfaceMaterial.uasset" 224
"../../../Engine/Content/EngineMaterials/RemoveSurfaceMaterial.uexp" 225
"../../../Engine/Content/EngineMaterials/DefaultCalibrationGrayscale.uasset" 226
"../../../Engine/Content/EngineMaterials/DefaultCalibrationGrayscale.uexp" 227
"../../../Engine/Content/EngineMaterials/PPM_DefaultCalibrationGrayscale.uasset" 228
"../../../Engine/Content/EngineMaterials/PPM_DefaultCalibrationGrayscale.uexp" 229
"../../../Engine/Content/EngineMaterials/DefaultCalibrationColor.uasset" 230
"../../../Engine/Content/EngineMaterials/DefaultCalibrationColor.uexp" 231
"../../../Engine/Content/EngineMaterials/PPM_DefaultCalibrationColor.uasset" 232
"../../../Engine/Content/EngineMaterials/PPM_DefaultCalibrationColor.uexp" 233
"../../../Engine/Content/Functions/Engine_MaterialFunctions02/WorldPositionOffset/CameraOffset.uasset" 234
"../../../Engine/Content/Functions/Engine_MaterialFunctions02/WorldPositionOffset/CameraOffset.uexp" 235
"../../../Engine/Content/EngineMaterials/PhAT_JointLimitMaterial.uasset" 236
"../../../Engine/Content/EngineMaterials/PhAT_JointLimitMaterial.uexp" 237
"../../../Engine/Content/EngineMaterials/InvalidLightmapSettings.ubulk" 238
"../../../Engine/Content/EngineMaterials/InvalidLightmapSettings.uasset" 239
"../../../Engine/Content/EngineMaterials/InvalidLightmapSettings.uexp" 240
"../../../Engine/Content/EngineMaterials/M_InvalidLightmapSettings.uasset" 241
"../../../Engine/Content/EngineMaterials/M_InvalidLightmapSettings.uexp" 242
"../../../Engine/Content/EngineMaterials/GizmoMaterial.uasset" 243
"../../../Engine/Content/EngineMaterials/GizmoMaterial.uexp" 244
"../../../Engine/Content/EngineMaterials/BaseFlattenEmissiveMap_VT.uasset" 245
"../../../Engine/Content/EngineMaterials/BaseFlattenEmissiveMap_VT.uexp" 246
"../../../Engine/Content/EngineMaterials/BaseFlattenGrayscaleMap_VT.uasset" 247
"../../../Engine/Content/EngineMaterials/BaseFlattenGrayscaleMap_VT.uexp" 248
"../../../Engine/Content/EngineMaterials/BaseFlattenLinearColor_VT.uasset" 249
"../../../Engine/Content/EngineMaterials/BaseFlattenLinearColor_VT.uexp" 250
"../../../Engine/Content/EngineMaterials/Black_1x1_EXR_Texture_VT.uasset" 251
"../../../Engine/Content/EngineMaterials/Black_1x1_EXR_Texture_VT.uexp" 252
"../../../Engine/Content/EngineMaterials/BaseFlattenDiffuseMap_VT.uasset" 253
"../../../Engine/Content/EngineMaterials/BaseFlattenDiffuseMap_VT.uexp" 254
"../../../Engine/Content/EngineMaterials/BaseFlattenNormalMap_VT.uasset" 255
"../../../Engine/Content/EngineMaterials/BaseFlattenNormalMap_VT.uexp" 256
"../../../Engine/Content/EngineMaterials/FlattenMaterial_WS_Normal_VT.uasset" 257
"../../../Engine/Content/EngineMaterials/FlattenMaterial_WS_Normal_VT.uexp" 258
"../../../Engine/Content/EngineMaterials/FlattenMaterial_VT.uasset" 259
"../../../Engine/Content/EngineMaterials/FlattenMaterial_VT.uexp" 260
"../../../Engine/Content/EngineMaterials/BaseFlattenNormalMap.uasset" 261
"../../../Engine/Content/EngineMaterials/BaseFlattenNormalMap.uexp" 262
"../../../Engine/Content/EngineMaterials/BaseFlattenGrayscaleMap.uasset" 263
"../../../Engine/Content/EngineMaterials/BaseFlattenGrayscaleMap.uexp" 264
"../../../Engine/Content/EngineMaterials/BaseFlattenDiffuseMap.uasset" 265
"../../../Engine/Content/EngineMaterials/BaseFlattenDiffuseMap.uexp" 266
"../../../Engine/Content/Functions/Engine_MaterialFunctions02/PivotPainter2/Black_1x1_EXR_Texture.uasset" 267
"../../../Engine/Content/Functions/Engine_MaterialFunctions02/PivotPainter2/Black_1x1_EXR_Texture.uexp" 268
"../../../Engine/Content/EngineMaterials/BaseFlattenEmissiveMap.uasset" 269
"../../../Engine/Content/EngineMaterials/BaseFlattenEmissiveMap.uexp" 270
"../../../Engine/Content/EngineMaterials/BaseFlattenLinearColor.uasset" 271
"../../../Engine/Content/EngineMaterials/BaseFlattenLinearColor.uexp" 272
"../../../Engine/Content/EngineMaterials/FlattenMaterial.uasset" 273
"../../../Engine/Content/EngineMaterials/FlattenMaterial.uexp" 274
"../../../Engine/Content/EngineMaterials/DefaultWhiteGrid_Low.uasset" 275
"../../../Engine/Content/EngineMaterials/DefaultWhiteGrid_Low.uexp" 276
"../../../Engine/Content/EngineMaterials/EmissiveMeshMaterial.uasset" 277
"../../../Engine/Content/EngineMaterials/EmissiveMeshMaterial.uexp" 278
"../../../Engine/Content/EngineFonts/RobotoDistanceField.uasset" 279
"../../../Engine/Content/EngineFonts/RobotoDistanceField.uexp" 280
"../../../Engine/Content/EngineMaterials/DefaultTextMaterialOpaque.uasset" 281
"../../../Engine/Content/EngineMaterials/DefaultTextMaterialOpaque.uexp" 282
"../../../Engine/Content/EngineMaterials/DefaultDiffuse.ubulk" 283
"../../../Engine/Content/EngineMaterials/DefaultDiffuse.uasset" 284
"../../../Engine/Content/EngineMaterials/DefaultDiffuse.uexp" 285
"../../../Engine/Content/Functions/Engine_MaterialFunctions02/Utility/BreakOutFloat2Components.uasset" 286
"../../../Engine/Content/Functions/Engine_MaterialFunctions02/Utility/BreakOutFloat2Components.uexp" 287
"../../../Engine/Content/EngineMaterials/DefaultPostProcessMaterial.uasset" 288
"../../../Engine/Content/EngineMaterials/DefaultPostProcessMaterial.uexp" 289
"../../../Engine/Content/EngineMaterials/DefaultPhysicalMaterial.uasset" 290
"../../../Engine/Content/EngineMaterials/DefaultPhysicalMaterial.uexp" 291
"../../../Engine/Content/EngineMaterials/DefaultLightFunctionMaterial.uasset" 292
"../../../Engine/Content/EngineMaterials/DefaultLightFunctionMaterial.uexp" 293
"../../../Engine/Content/EngineMaterials/DefaultDestructiblePhysicalMaterial.uasset" 294
"../../../Engine/Content/EngineMaterials/DefaultDestructiblePhysicalMaterial.uexp" 295
"../../../Engine/Content/EngineMaterials/DefaultDeferredDecalMaterial.uasset" 296
"../../../Engine/Content/EngineMaterials/DefaultDeferredDecalMaterial.uexp" 297
"../../../Engine/Content/EngineMaterials/DefaultBloomKernel.uasset" 298
"../../../Engine/Content/EngineMaterials/DefaultBloomKernel.uexp" 299
"../../../Engine/Content/EngineResources/FilmGrains/Marcie_Grain_v3_128_M2_000.uasset" 300
"../../../Engine/Content/EngineResources/FilmGrains/Marcie_Grain_v3_128_M2_000.uexp" 301
"../../../Engine/Content/EngineSky/VolumetricClouds/CloudWeatherTexture.uasset" 302
"../../../Engine/Content/EngineSky/VolumetricClouds/CloudWeatherTexture.uexp" 303
"../../../Engine/Content/Functions/Engine_MaterialFunctions02/Utility/MakeFloat2.uasset" 304
"../../../Engine/Content/Functions/Engine_MaterialFunctions02/Utility/MakeFloat2.uexp" 305
"../../../Engine/Content/EngineSky/VolumetricClouds/CloudGradientTexture.uasset" 306
"../../../Engine/Content/EngineSky/VolumetricClouds/CloudGradientTexture.uexp" 307
"../../../Engine/Content/EngineSky/VolumetricClouds/T_NoiseShape64.ubulk" 308
"../../../Engine/Content/EngineSky/VolumetricClouds/T_NoiseShape64.uasset" 309
"../../../Engine/Content/EngineSky/VolumetricClouds/T_NoiseShape64.uexp" 310
"../../../Engine/Content/EngineSky/VolumetricClouds/T_VolumeNoiseShape64.uasset" 311
"../../../Engine/Content/EngineSky/VolumetricClouds/T_VolumeNoiseShape64.uexp" 312
"../../../Engine/Content/EngineSky/VolumetricClouds/T_NoiseErosion.ubulk" 313
"../../../Engine/Content/EngineSky/VolumetricClouds/T_NoiseErosion.uasset" 314
"../../../Engine/Content/EngineSky/VolumetricClouds/T_NoiseErosion.uexp" 315
"../../../Engine/Content/EngineSky/VolumetricClouds/T_VolumeNoiseErosion32.uasset" 316
"../../../Engine/Content/EngineSky/VolumetricClouds/T_VolumeNoiseErosion32.uexp" 317
"../../../Engine/Content/EngineSky/VolumetricClouds/m_SimpleVolumetricCloud.uasset" 318
"../../../Engine/Content/EngineSky/VolumetricClouds/m_SimpleVolumetricCloud.uexp" 319
"../../../Engine/Content/EngineSky/VolumetricClouds/m_SimpleVolumetricCloud_Inst.uasset" 320
"../../../Engine/Content/EngineSky/VolumetricClouds/m_SimpleVolumetricCloud_Inst.uexp" 321
"../../../Engine/Content/EngineSounds/Master.uasset" 322
"../../../Engine/Content/EngineSounds/Master.uexp" 323
"../../../Engine/Content/Functions/Engine_MaterialFunctions01/Shading/PowerToRoughness.uasset" 324
"../../../Engine/Content/Functions/Engine_MaterialFunctions01/Shading/PowerToRoughness.uexp" 325
"../../../Engine/Content/MobileResources/HUD/VirtualJoystick_Background.uasset" 326
"../../../Engine/Content/MobileResources/HUD/VirtualJoystick_Background.uexp" 327
"../../../Engine/Content/MobileResources/HUD/VirtualJoystick_Thumb.uasset" 328
"../../../Engine/Content/MobileResources/HUD/VirtualJoystick_Thumb.uexp" 329
"../../../Engine/Content/MobileResources/HUD/DefaultVirtualJoysticks.uasset" 330
"../../../Engine/Content/MobileResources/HUD/DefaultVirtualJoysticks.uexp" 331
"../../../Engine/Plugins/2D/Paper2D/Content/PlaceholderTextures/DummySpriteTexture.ubulk" 332
"../../../Engine/Plugins/2D/Paper2D/Content/PlaceholderTextures/DummySpriteTexture.uasset" 333
"../../../Engine/Plugins/2D/Paper2D/Content/PlaceholderTextures/DummySpriteTexture.uexp" 334
"../../../Engine/Plugins/2D/Paper2D/Content/DefaultSpriteMaterial.uasset" 335
"../../../Engine/Plugins/2D/Paper2D/Content/DefaultSpriteMaterial.uexp" 336
"../../../Engine/Plugins/2D/Paper2D/Content/OpaqueUnlitSpriteMaterial.uasset" 337
"../../../Engine/Plugins/2D/Paper2D/Content/OpaqueUnlitSpriteMaterial.uexp" 338
"../../../Engine/Plugins/2D/Paper2D/Content/MaskedUnlitSpriteMaterial.uasset" 339
"../../../Engine/Plugins/2D/Paper2D/Content/MaskedUnlitSpriteMaterial.uexp" 340
"../../../Engine/Plugins/2D/Paper2D/Content/DummySprite.uasset" 341
"../../../Engine/Plugins/2D/Paper2D/Content/DummySprite.uexp" 342
"../../../Engine/Plugins/2D/Paper2D/Content/DefaultPaperTerrainMaterial.uasset" 343
"../../../Engine/Plugins/2D/Paper2D/Content/DefaultPaperTerrainMaterial.uexp" 344
"../../../Engine/Plugins/Animation/ControlRig/Content/M_Manip.uasset" 345
"../../../Engine/Plugins/Animation/ControlRig/Content/M_Manip.uexp" 346
"../../../Engine/Plugins/Animation/ControlRig/Content/Controls/DefaultGizmoLibraryNormalized.uasset" 347
"../../../Engine/Plugins/Animation/ControlRig/Content/Controls/DefaultGizmoLibraryNormalized.uexp" 348
"../../../Engine/Plugins/Animation/ControlRig/Content/Controls/ControlRig_Wedge_solid.ubulk" 349
"../../../Engine/Plugins/Animation/ControlRig/Content/Controls/ControlRig_Wedge_solid.uasset" 350
"../../../Engine/Plugins/Animation/ControlRig/Content/Controls/ControlRig_Wedge_solid.uexp" 351
"../../../Engine/Plugins/Animation/ControlRig/Content/Controls/ControlRig_Wedge_3mm.ubulk" 352
"../../../Engine/Plugins/Animation/ControlRig/Content/Controls/ControlRig_Wedge_3mm.uasset" 353
"../../../Engine/Plugins/Animation/ControlRig/Content/Controls/ControlRig_Wedge_3mm.uexp" 354
"../../../Engine/Plugins/Animation/ControlRig/Content/Controls/ControlRig_Wedge_1mm.ubulk" 355
"../../../Engine/Plugins/Animation/ControlRig/Content/Controls/ControlRig_Wedge_1mm.uasset" 356
"../../../Engine/Plugins/Animation/ControlRig/Content/Controls/ControlRig_Wedge_1mm.uexp" 357
"../../../Engine/Plugins/Animation/ControlRig/Content/Controls/ControlRig_Triangle_solid.ubulk" 358
"../../../Engine/Plugins/Animation/ControlRig/Content/Controls/ControlRig_Triangle_solid.uasset" 359
"../../../Engine/Plugins/Animation/ControlRig/Content/Controls/ControlRig_Triangle_solid.uexp" 360
"../../../Engine/Plugins/Animation/ControlRig/Content/Controls/ControlRig_Triangle_3mm.ubulk" 361
"../../../Engine/Plugins/Animation/ControlRig/Content/Controls/ControlRig_Triangle_3mm.uasset" 362
"../../../Engine/Plugins/Animation/ControlRig/Content/Controls/ControlRig_Triangle_3mm.uexp" 363
"../../../Engine/Plugins/Animation/ControlRig/Content/Controls/ControlRig_Triangle_1mm.ubulk" 364
"../../../Engine/Plugins/Animation/ControlRig/Content/Controls/ControlRig_Triangle_1mm.uasset" 365
"../../../Engine/Plugins/Animation/ControlRig/Content/Controls/ControlRig_Triangle_1mm.uexp" 366
"../../../Engine/Plugins/Animation/ControlRig/Content/Controls/ControlRig_Star4_solid.ubulk" 367
"../../../Engine/Plugins/Animation/ControlRig/Content/Controls/ControlRig_Star4_solid.uasset" 368
"../../../Engine/Plugins/Animation/ControlRig/Content/Controls/ControlRig_Star4_solid.uexp" 369
"../../../Engine/Plugins/Animation/ControlRig/Content/Controls/ControlRig_Star4_3mm.ubulk" 370
"../../../Engine/Plugins/Animation/ControlRig/Content/Controls/ControlRig_Star4_3mm.uasset" 371
"../../../Engine/Plugins/Animation/ControlRig/Content/Controls/ControlRig_Star4_3mm.uexp" 372
"../../../Engine/Plugins/Animation/ControlRig/Content/Controls/ControlRig_Star4_1mm.ubulk" 373
"../../../Engine/Plugins/Animation/ControlRig/Content/Controls/ControlRig_Star4_1mm.uasset" 374
"../../../Engine/Plugins/Animation/ControlRig/Content/Controls/ControlRig_Star4_1mm.uexp" 375
"../../../Engine/Plugins/Animation/ControlRig/Content/Controls/ControlRig_Square_solid.ubulk" 376
"../../../Engine/Plugins/Animation/ControlRig/Content/Controls/ControlRig_Square_solid.uasset" 377
"../../../Engine/Plugins/Animation/ControlRig/Content/Controls/ControlRig_Square_solid.uexp" 378
"../../../Engine/Plugins/Animation/ControlRig/Content/Controls/ControlRig_Square_3mm.ubulk" 379
"../../../Engine/Plugins/Animation/ControlRig/Content/Controls/ControlRig_Square_3mm.uasset" 380
"../../../Engine/Plugins/Animation/ControlRig/Content/Controls/ControlRig_Square_3mm.uexp" 381
"../../../Engine/Plugins/Animation/ControlRig/Content/Controls/ControlRig_Square_1mm.ubulk" 382
"../../../Engine/Plugins/Animation/ControlRig/Content/Controls/ControlRig_Square_1mm.uasset" 383
"../../../Engine/Plugins/Animation/ControlRig/Content/Controls/ControlRig_Square_1mm.uexp" 384
"../../../Engine/Plugins/Animation/ControlRig/Content/Controls/ControlRig_Sphere_solid.ubulk" 385
"../../../Engine/Plugins/Animation/ControlRig/Content/Controls/ControlRig_Sphere_solid.uasset" 386
"../../../Engine/Plugins/Animation/ControlRig/Content/Controls/ControlRig_Sphere_solid.uexp" 387
"../../../Engine/Plugins/Animation/ControlRig/Content/Controls/ControlRig_Sphere_3mm.ubulk" 388
"../../../Engine/Plugins/Animation/ControlRig/Content/Controls/ControlRig_Sphere_3mm.uasset" 389
"../../../Engine/Plugins/Animation/ControlRig/Content/Controls/ControlRig_Sphere_3mm.uexp" 390
"../../../Engine/Plugins/Animation/ControlRig/Content/Controls/ControlRig_Sphere_1mm.ubulk" 391
"../../../Engine/Plugins/Animation/ControlRig/Content/Controls/ControlRig_Sphere_1mm.uasset" 392
"../../../Engine/Plugins/Animation/ControlRig/Content/Controls/ControlRig_Sphere_1mm.uexp" 393
"../../../Engine/Plugins/Animation/ControlRig/Content/Controls/ControlRig_RoundedTriangle_solid.ubulk" 394
"../../../Engine/Plugins/Animation/ControlRig/Content/Controls/ControlRig_RoundedTriangle_solid.uasset" 395
"../../../Engine/Plugins/Animation/ControlRig/Content/Controls/ControlRig_RoundedTriangle_solid.uexp" 396
"../../../Engine/Plugins/Animation/ControlRig/Content/Controls/ControlRig_RoundedTriangle_3mm.ubulk" 397
"../../../Engine/Plugins/Animation/ControlRig/Content/Controls/ControlRig_RoundedTriangle_3mm.uasset" 398
"../../../Engine/Plugins/Animation/ControlRig/Content/Controls/ControlRig_RoundedTriangle_3mm.uexp" 399
"../../../Engine/Plugins/Animation/ControlRig/Content/Controls/ControlRig_RoundedTriangle_1mm.ubulk" 400
"../../../Engine/Plugins/Animation/ControlRig/Content/Controls/ControlRig_RoundedTriangle_1mm.uasset" 401
"../../../Engine/Plugins/Animation/ControlRig/Content/Controls/ControlRig_RoundedTriangle_1mm.uexp" 402
"../../../Engine/Plugins/Animation/ControlRig/Content/Controls/ControlRig_RoundedSquare_solid.ubulk" 403
"../../../Engine/Plugins/Animation/ControlRig/Content/Controls/ControlRig_RoundedSquare_solid.uasset" 404
"../../../Engine/Plugins/Animation/ControlRig/Content/Controls/ControlRig_RoundedSquare_solid.uexp" 405
"../../../Engine/Plugins/Animation/ControlRig/Content/Controls/ControlRig_RoundedSquare_3mm.ubulk" 406
"../../../Engine/Plugins/Animation/ControlRig/Content/Controls/ControlRig_RoundedSquare_3mm.uasset" 407
"../../../Engine/Plugins/Animation/ControlRig/Content/Controls/ControlRig_RoundedSquare_3mm.uexp" 408
"../../../Engine/Plugins/Animation/ControlRig/Content/Controls/ControlRig_RoundedSquare_1mm.ubulk" 409
"../../../Engine/Plugins/Animation/ControlRig/Content/Controls/ControlRig_RoundedSquare_1mm.uasset" 410
"../../../Engine/Plugins/Animation/ControlRig/Content/Controls/ControlRig_RoundedSquare_1mm.uexp" 411
"../../../Engine/Plugins/Animation/ControlRig/Content/Controls/ControlRig_QuarterCircle_solid.ubulk" 412
"../../../Engine/Plugins/Animation/ControlRig/Content/Controls/ControlRig_QuarterCircle_solid.uasset" 413
"../../../Engine/Plugins/Animation/ControlRig/Content/Controls/ControlRig_QuarterCircle_solid.uexp" 414
"../../../Engine/Plugins/Animation/ControlRig/Content/Controls/ControlRig_QuarterCircle_3mm.ubulk" 415
"../../../Engine/Plugins/Animation/ControlRig/Content/Controls/ControlRig_QuarterCircle_3mm.uasset" 416
"../../../Engine/Plugins/Animation/ControlRig/Content/Controls/ControlRig_QuarterCircle_3mm.uexp" 417
"../../../Engine/Plugins/Animation/ControlRig/Content/Controls/ControlRig_QuarterCircle_1mm.ubulk" 418
"../../../Engine/Plugins/Animation/ControlRig/Content/Controls/ControlRig_QuarterCircle_1mm.uasset" 419
"../../../Engine/Plugins/Animation/ControlRig/Content/Controls/ControlRig_QuarterCircle_1mm.uexp" 420
"../../../Engine/Plugins/Animation/ControlRig/Content/Controls/ControlRig_Pyramid_solid.ubulk" 421
"../../../Engine/Plugins/Animation/ControlRig/Content/Controls/ControlRig_Pyramid_solid.uasset" 422
"../../../Engine/Plugins/Animation/ControlRig/Content/Controls/ControlRig_Pyramid_solid.uexp" 423
"../../../Engine/Plugins/Animation/ControlRig/Content/Controls/ControlRig_Pyramid_3mm.ubulk" 424
"../../../Engine/Plugins/Animation/ControlRig/Content/Controls/ControlRig_Pyramid_3mm.uasset" 425
"../../../Engine/Plugins/Animation/ControlRig/Content/Controls/ControlRig_Pyramid_3mm.uexp" 426
"../../../Engine/Plugins/Animation/ControlRig/Content/Controls/ControlRig_Pyramid_1mm.ubulk" 427
"../../../Engine/Plugins/Animation/ControlRig/Content/Controls/ControlRig_Pyramid_1mm.uasset" 428
"../../../Engine/Plugins/Animation/ControlRig/Content/Controls/ControlRig_Pyramid_1mm.uexp" 429
"../../../Engine/Plugins/Animation/ControlRig/Content/Controls/ControlRig_Octagon_solid.ubulk" 430
"../../../Engine/Plugins/Animation/ControlRig/Content/Controls/ControlRig_Octagon_solid.uasset" 431
"../../../Engine/Plugins/Animation/ControlRig/Content/Controls/ControlRig_Octagon_solid.uexp" 432
"../../../Engine/Plugins/Animation/ControlRig/Content/Controls/ControlRig_Octagon_3mm.ubulk" 433
"../../../Engine/Plugins/Animation/ControlRig/Content/Controls/ControlRig_Octagon_3mm.uasset" 434
"../../../Engine/Plugins/Animation/ControlRig/Content/Controls/ControlRig_Octagon_3mm.uexp" 435
"../../../Engine/Plugins/Animation/ControlRig/Content/Controls/ControlRig_Octagon_1mm.ubulk" 436
"../../../Engine/Plugins/Animation/ControlRig/Content/Controls/ControlRig_Octagon_1mm.uasset" 437
"../../../Engine/Plugins/Animation/ControlRig/Content/Controls/ControlRig_Octagon_1mm.uexp" 438
"../../../Engine/Plugins/Animation/ControlRig/Content/Controls/ControlRig_Hexagon_solid.ubulk" 439
"../../../Engine/Plugins/Animation/ControlRig/Content/Controls/ControlRig_Hexagon_solid.uasset" 440
"../../../Engine/Plugins/Animation/ControlRig/Content/Controls/ControlRig_Hexagon_solid.uexp" 441
"../../../Engine/Plugins/Animation/ControlRig/Content/Controls/ControlRig_Hexagon_3mm.ubulk" 442
"../../../Engine/Plugins/Animation/ControlRig/Content/Controls/ControlRig_Hexagon_3mm.uasset" 443
"../../../Engine/Plugins/Animation/ControlRig/Content/Controls/ControlRig_Hexagon_3mm.uexp" 444
"../../../Engine/Plugins/Animation/ControlRig/Content/Controls/ControlRig_Hexagon_1mm.ubulk" 445
"../../../Engine/Plugins/Animation/ControlRig/Content/Controls/ControlRig_Hexagon_1mm.uasset" 446
"../../../Engine/Plugins/Animation/ControlRig/Content/Controls/ControlRig_Hexagon_1mm.uexp" 447
"../../../Engine/Plugins/Animation/ControlRig/Content/Controls/ControlRig_HalfCircle_solid.ubulk" 448
"../../../Engine/Plugins/Animation/ControlRig/Content/Controls/ControlRig_HalfCircle_solid.uasset" 449
"../../../Engine/Plugins/Animation/ControlRig/Content/Controls/ControlRig_HalfCircle_solid.uexp" 450
"../../../Engine/Plugins/Animation/ControlRig/Content/Controls/ControlRig_HalfCircle_3mm.ubulk" 451
"../../../Engine/Plugins/Animation/ControlRig/Content/Controls/ControlRig_HalfCircle_3mm.uasset" 452
"../../../Engine/Plugins/Animation/ControlRig/Content/Controls/ControlRig_HalfCircle_3mm.uexp" 453
"../../../Engine/Plugins/Animation/ControlRig/Content/Controls/ControlRig_HalfCircle_1mm.ubulk" 454
"../../../Engine/Plugins/Animation/ControlRig/Content/Controls/ControlRig_HalfCircle_1mm.uasset" 455
"../../../Engine/Plugins/Animation/ControlRig/Content/Controls/ControlRig_HalfCircle_1mm.uexp" 456
"../../../Engine/Plugins/Animation/ControlRig/Content/Controls/ControlRig_Diamond_solid.ubulk" 457
"../../../Engine/Plugins/Animation/ControlRig/Content/Controls/ControlRig_Diamond_solid.uasset" 458
"../../../Engine/Plugins/Animation/ControlRig/Content/Controls/ControlRig_Diamond_solid.uexp" 459
"../../../Engine/Plugins/Animation/ControlRig/Content/Controls/ControlRig_Diamond_3mm.ubulk" 460
"../../../Engine/Plugins/Animation/ControlRig/Content/Controls/ControlRig_Diamond_3mm.uasset" 461
"../../../Engine/Plugins/Animation/ControlRig/Content/Controls/ControlRig_Diamond_3mm.uexp" 462
"../../../Engine/Plugins/Animation/ControlRig/Content/Controls/ControlRig_Diamond_1mm.ubulk" 463
"../../../Engine/Plugins/Animation/ControlRig/Content/Controls/ControlRig_Diamond_1mm.uasset" 464
"../../../Engine/Plugins/Animation/ControlRig/Content/Controls/ControlRig_Diamond_1mm.uexp" 465
"../../../Engine/Plugins/Animation/ControlRig/Content/Controls/ControlRig_Circle_solid.ubulk" 466
"../../../Engine/Plugins/Animation/ControlRig/Content/Controls/ControlRig_Circle_solid.uasset" 467
"../../../Engine/Plugins/Animation/ControlRig/Content/Controls/ControlRig_Circle_solid.uexp" 468
"../../../Engine/Plugins/Animation/ControlRig/Content/Controls/ControlRig_Circle_3mm.ubulk" 469
"../../../Engine/Plugins/Animation/ControlRig/Content/Controls/ControlRig_Circle_3mm.uasset" 470
"../../../Engine/Plugins/Animation/ControlRig/Content/Controls/ControlRig_Circle_3mm.uexp" 471
"../../../Engine/Plugins/Animation/ControlRig/Content/Controls/ControlRig_Circle_1mm.ubulk" 472
"../../../Engine/Plugins/Animation/ControlRig/Content/Controls/ControlRig_Circle_1mm.uasset" 473
"../../../Engine/Plugins/Animation/ControlRig/Content/Controls/ControlRig_Circle_1mm.uexp" 474
"../../../Engine/Plugins/Animation/ControlRig/Content/Controls/ControlRig_Box_solid.ubulk" 475
"../../../Engine/Plugins/Animation/ControlRig/Content/Controls/ControlRig_Box_solid.uasset" 476
"../../../Engine/Plugins/Animation/ControlRig/Content/Controls/ControlRig_Box_solid.uexp" 477
"../../../Engine/Plugins/Animation/ControlRig/Content/Controls/ControlRig_Box_3mm.ubulk" 478
"../../../Engine/Plugins/Animation/ControlRig/Content/Controls/ControlRig_Box_3mm.uasset" 479
"../../../Engine/Plugins/Animation/ControlRig/Content/Controls/ControlRig_Box_3mm.uexp" 480
"../../../Engine/Plugins/Animation/ControlRig/Content/Controls/ControlRig_Box_1mm.ubulk" 481
"../../../Engine/Plugins/Animation/ControlRig/Content/Controls/ControlRig_Box_1mm.uasset" 482
"../../../Engine/Plugins/Animation/ControlRig/Content/Controls/ControlRig_Box_1mm.uexp" 483
"../../../Engine/Plugins/Animation/ControlRig/Content/Controls/ControlRig_Arrow_solid.ubulk" 484
"../../../Engine/Plugins/Animation/ControlRig/Content/Controls/ControlRig_Arrow_solid.uasset" 485
"../../../Engine/Plugins/Animation/ControlRig/Content/Controls/ControlRig_Arrow_solid.uexp" 486
"../../../Engine/Plugins/Animation/ControlRig/Content/Controls/ControlRig_Arrow_3mm.ubulk" 487
"../../../Engine/Plugins/Animation/ControlRig/Content/Controls/ControlRig_Arrow_3mm.uasset" 488
"../../../Engine/Plugins/Animation/ControlRig/Content/Controls/ControlRig_Arrow_3mm.uexp" 489
"../../../Engine/Plugins/Animation/ControlRig/Content/Controls/ControlRig_Arrow_1mm.ubulk" 490
"../../../Engine/Plugins/Animation/ControlRig/Content/Controls/ControlRig_Arrow_1mm.uasset" 491
"../../../Engine/Plugins/Animation/ControlRig/Content/Controls/ControlRig_Arrow_1mm.uexp" 492
"../../../Engine/Plugins/Animation/ControlRig/Content/Controls/ControlRig_Arrow4_solid.ubulk" 493
"../../../Engine/Plugins/Animation/ControlRig/Content/Controls/ControlRig_Arrow4_solid.uasset" 494
"../../../Engine/Plugins/Animation/ControlRig/Content/Controls/ControlRig_Arrow4_solid.uexp" 495
"../../../Engine/Plugins/Animation/ControlRig/Content/Controls/ControlRig_Arrow4_3mm.ubulk" 496
"../../../Engine/Plugins/Animation/ControlRig/Content/Controls/ControlRig_Arrow4_3mm.uasset" 497
"../../../Engine/Plugins/Animation/ControlRig/Content/Controls/ControlRig_Arrow4_3mm.uexp" 498
"../../../Engine/Plugins/Animation/ControlRig/Content/Controls/ControlRig_Arrow4_1mm.ubulk" 499
"../../../Engine/Plugins/Animation/ControlRig/Content/Controls/ControlRig_Arrow4_1mm.uasset" 500
"../../../Engine/Plugins/Animation/ControlRig/Content/Controls/ControlRig_Arrow4_1mm.uexp" 501
"../../../Engine/Plugins/Animation/ControlRig/Content/Controls/ControlRig_Arrow2_solid.ubulk" 502
"../../../Engine/Plugins/Animation/ControlRig/Content/Controls/ControlRig_Arrow2_solid.uasset" 503
"../../../Engine/Plugins/Animation/ControlRig/Content/Controls/ControlRig_Arrow2_solid.uexp" 504
"../../../Engine/Plugins/Animation/ControlRig/Content/Controls/ControlRig_Arrow2_3mm.ubulk" 505
"../../../Engine/Plugins/Animation/ControlRig/Content/Controls/ControlRig_Arrow2_3mm.uasset" 506
"../../../Engine/Plugins/Animation/ControlRig/Content/Controls/ControlRig_Arrow2_3mm.uexp" 507
"../../../Engine/Plugins/Animation/ControlRig/Content/Controls/ControlRig_Arrow2_1mm.ubulk" 508
"../../../Engine/Plugins/Animation/ControlRig/Content/Controls/ControlRig_Arrow2_1mm.uasset" 509
"../../../Engine/Plugins/Animation/ControlRig/Content/Controls/ControlRig_Arrow2_1mm.uexp" 510
"../../../Engine/Plugins/Animation/ControlRig/Content/Controls/ControlRigXRayMaterial.uasset" 511
"../../../Engine/Plugins/Animation/ControlRig/Content/Controls/ControlRigXRayMaterial.uexp" 512
"../../../Engine/Plugins/Animation/ControlRig/Content/Controls/ControlRigGizmoMaterial.uasset" 513
"../../../Engine/Plugins/Animation/ControlRig/Content/Controls/ControlRigGizmoMaterial.uexp" 514
"../../../Engine/Plugins/Editor/SpeedTreeImporter/Content/SpeedTree9/game_wind_noise.ubulk" 515
"../../../Engine/Plugins/Editor/SpeedTreeImporter/Content/SpeedTree9/game_wind_noise.uasset" 516
"../../../Engine/Plugins/Editor/SpeedTreeImporter/Content/SpeedTree9/game_wind_noise.uexp" 517
"../../../Engine/Plugins/Editor/SpeedTreeImporter/Content/SpeedTree9/UnpackDirection.uasset" 518
"../../../Engine/Plugins/Editor/SpeedTreeImporter/Content/SpeedTree9/UnpackDirection.uexp" 519
"../../../Engine/Content/Functions/Engine_MaterialFunctions02/ObjectLocalBounds.uasset" 520
"../../../Engine/Content/Functions/Engine_MaterialFunctions02/ObjectLocalBounds.uexp" 521
"../../../Engine/Content/Functions/Engine_MaterialFunctions02/UVs/BoundingBoxBased_0-1_UVW.uasset" 522
"../../../Engine/Content/Functions/Engine_MaterialFunctions02/UVs/BoundingBoxBased_0-1_UVW.uexp" 523
"../../../Engine/Content/Functions/Engine_MaterialFunctions02/Utility/VectorLength.uasset" 524
"../../../Engine/Content/Functions/Engine_MaterialFunctions02/Utility/VectorLength.uexp" 525
"../../../Engine/Plugins/Editor/SpeedTreeImporter/Content/SpeedTree9/UnpackInteger3.uasset" 526
"../../../Engine/Plugins/Editor/SpeedTreeImporter/Content/SpeedTree9/UnpackInteger3.uexp" 527
"../../../Engine/Plugins/Editor/SpeedTreeImporter/Content/SpeedTree9/SpeedTreeCameraFacing.uasset" 528
"../../../Engine/Plugins/Editor/SpeedTreeImporter/Content/SpeedTree9/SpeedTreeCameraFacing.uexp" 529
"../../../Engine/Content/Functions/Engine_MaterialFunctions02/WorldPositionOffset/ObjectScale.uasset" 530
"../../../Engine/Content/Functions/Engine_MaterialFunctions02/WorldPositionOffset/ObjectScale.uexp" 531
"../../../Engine/Content/Functions/Engine_MaterialFunctions02/SafeNormalize.uasset" 532
"../../../Engine/Content/Functions/Engine_MaterialFunctions02/SafeNormalize.uexp" 533
"../../../Engine/Plugins/Editor/SpeedTreeImporter/Content/SpeedTree9/SpeedTreeWindMotion.uasset" 534
"../../../Engine/Plugins/Editor/SpeedTreeImporter/Content/SpeedTree9/SpeedTreeWindMotion.uexp" 535
"../../../Engine/Plugins/Editor/SpeedTreeImporter/Content/SpeedTree9/SpeedTreeBranchMotion.uasset" 536
"../../../Engine/Plugins/Editor/SpeedTreeImporter/Content/SpeedTree9/SpeedTreeBranchMotion.uexp" 537
"../../../Engine/Plugins/Editor/SpeedTreeImporter/Content/SpeedTree9/SpeedTreeWind.uasset" 538
"../../../Engine/Plugins/Editor/SpeedTreeImporter/Content/SpeedTree9/SpeedTreeWind.uexp" 539
"../../../Engine/Plugins/Editor/SpeedTreeImporter/Content/SpeedTree9/EmptyNormal.uasset" 540
"../../../Engine/Plugins/Editor/SpeedTreeImporter/Content/SpeedTree9/EmptyNormal.uexp" 541
"../../../Engine/Plugins/Editor/SpeedTreeImporter/Content/SpeedTree9/Empty.uasset" 542
"../../../Engine/Plugins/Editor/SpeedTreeImporter/Content/SpeedTree9/Empty.uexp" 543
"../../../Engine/Plugins/Editor/SpeedTreeImporter/Content/SpeedTree9/SpeedTreeMaster.uasset" 544
"../../../Engine/Plugins/Editor/SpeedTreeImporter/Content/SpeedTree9/SpeedTreeMaster.uexp" 545
"../../../Engine/Plugins/Editor/SpeedTreeImporter/Content/SpeedTree9/SpeedTreeBillboard.uasset" 546
"../../../Engine/Plugins/Editor/SpeedTreeImporter/Content/SpeedTree9/SpeedTreeBillboard.uexp" 547
"../../../Engine/Plugins/Editor/SpeedTreeImporter/Content/SpeedTree9/SpeedTreeBillboardMaster.uasset" 548
"../../../Engine/Plugins/Editor/SpeedTreeImporter/Content/SpeedTree9/SpeedTreeBillboardMaster.uexp" 549
"../../../Engine/Content/Functions/Engine_MaterialFunctions02/Texturing/CustomRotator.uasset" 550
"../../../Engine/Content/Functions/Engine_MaterialFunctions02/Texturing/CustomRotator.uexp" 551
"../../../Engine/Content/Functions/Engine_MaterialFunctions02/Texturing/ScreenAlignedPixelToPixelUVs.uasset" 552
"../../../Engine/Content/Functions/Engine_MaterialFunctions02/Texturing/ScreenAlignedPixelToPixelUVs.uexp" 553
"../../../Engine/Plugins/Interchange/Runtime/Content/Utilities/T_Bayer64_Grayscale_64px.uasset" 554
"../../../Engine/Plugins/Interchange/Runtime/Content/Utilities/T_Bayer64_Grayscale_64px.uexp" 555
"../../../Engine/Plugins/Interchange/Runtime/Content/gltf/MaterialFunctions/MF_Temporal_Blur.uasset" 556
"../../../Engine/Plugins/Interchange/Runtime/Content/gltf/MaterialFunctions/MF_Temporal_Blur.uexp" 557
"../../../Engine/Plugins/Interchange/Runtime/Content/gltf/MaterialFunctions/MF_Fresnel_DS.uasset" 558
"../../../Engine/Plugins/Interchange/Runtime/Content/gltf/MaterialFunctions/MF_Fresnel_DS.uexp" 559
"../../../Engine/Plugins/Interchange/Runtime/Content/Functions/MX_Transmission.uasset" 560
"../../../Engine/Plugins/Interchange/Runtime/Content/Functions/MX_Transmission.uexp" 561
"../../../Engine/Plugins/Interchange/Runtime/Content/Functions/MF_OrenNayerView.uasset" 562
"../../../Engine/Plugins/Interchange/Runtime/Content/Functions/MF_OrenNayerView.uexp" 563
"../../../Engine/Plugins/Interchange/Runtime/Content/Functions/MF_SchlickApprox.uasset" 564
"../../../Engine/Plugins/Interchange/Runtime/Content/Functions/MF_SchlickApprox.uexp" 565
"../../../Engine/Plugins/Interchange/Runtime/Content/Utilities/New_LUT.uasset" 566
"../../../Engine/Plugins/Interchange/Runtime/Content/Utilities/New_LUT.uexp" 567
"../../../Engine/Content/Functions/Engine_MaterialFunctions03/Math/RemapValueRange.uasset" 568
"../../../Engine/Content/Functions/Engine_MaterialFunctions03/Math/RemapValueRange.uexp" 569
"../../../Engine/Plugins/Interchange/Runtime/Content/Functions/MF_Iridescence.uasset" 570
"../../../Engine/Plugins/Interchange/Runtime/Content/Functions/MF_Iridescence.uexp" 571
"../../../Engine/Plugins/Interchange/Runtime/Content/Functions/MX_StandardSurface.uasset" 572
"../../../Engine/Plugins/Interchange/Runtime/Content/Functions/MX_StandardSurface.uexp" 573
"../../../Engine/Plugins/Interchange/Runtime/Content/Functions/MX_TransmissionSurface.uasset" 574
"../../../Engine/Plugins/Interchange/Runtime/Content/Functions/MX_TransmissionSurface.uexp" 575
"../../../Engine/Content/Functions/Engine_MaterialFunctions02/Math/AddComponents.uasset" 576
"../../../Engine/Content/Functions/Engine_MaterialFunctions02/Math/AddComponents.uexp" 577
"../../../Engine/Content/Functions/Engine_MaterialFunctions02/WorldPositionOffset/V2/ObjectScale.uasset" 578
"../../../Engine/Content/Functions/Engine_MaterialFunctions02/WorldPositionOffset/V2/ObjectScale.uexp" 579
"../../../Engine/Plugins/Interchange/Runtime/Content/gltf/MaterialFunctions/MF_TransmissionOpacity.uasset" 580
"../../../Engine/Plugins/Interchange/Runtime/Content/gltf/MaterialFunctions/MF_TransmissionOpacity.uexp" 581
"../../../Engine/Plugins/Interchange/Runtime/Content/gltf/MaterialFunctions/MF_RotateV2.uasset" 582
"../../../Engine/Plugins/Interchange/Runtime/Content/gltf/MaterialFunctions/MF_RotateV2.uexp" 583
"../../../Engine/Plugins/Interchange/Runtime/Content/gltf/MaterialFunctions/MF_TransformUVs.uasset" 584
"../../../Engine/Plugins/Interchange/Runtime/Content/gltf/MaterialFunctions/MF_TransformUVs.uexp" 585
"../../../Engine/Plugins/Interchange/Runtime/Content/gltf/Textures/T_White_srgb.uasset" 586
"../../../Engine/Plugins/Interchange/Runtime/Content/gltf/Textures/T_White_srgb.uexp" 587
"../../../Engine/Plugins/Interchange/Runtime/Content/gltf/MaterialFunctions/MF_BaseColor.uasset" 588
"../../../Engine/Plugins/Interchange/Runtime/Content/gltf/MaterialFunctions/MF_BaseColor.uexp" 589
"../../../Engine/Plugins/Interchange/Runtime/Content/gltf/MaterialFunctions/MF_DiffuseSpecGloss.uasset" 590
"../../../Engine/Plugins/Interchange/Runtime/Content/gltf/MaterialFunctions/MF_DiffuseSpecGloss.uexp" 591
"../../../Engine/Plugins/Interchange/Runtime/Content/gltf/Textures/T_White_Linear.uasset" 592
"../../../Engine/Plugins/Interchange/Runtime/Content/gltf/Textures/T_White_Linear.uexp" 593
"../../../Engine/Plugins/Interchange/Runtime/Content/gltf/MaterialFunctions/MF_MetallicRoughness.uasset" 594
"../../../Engine/Plugins/Interchange/Runtime/Content/gltf/MaterialFunctions/MF_MetallicRoughness.uexp" 595
"../../../Engine/Plugins/Interchange/Runtime/Content/gltf/MaterialFunctions/MF_Transmission.uasset" 596
"../../../Engine/Plugins/Interchange/Runtime/Content/gltf/MaterialFunctions/MF_Transmission.uexp" 597
"../../../Engine/Plugins/Interchange/Runtime/Content/gltf/MaterialFunctions/MF_Occlusion.uasset" 598
"../../../Engine/Plugins/Interchange/Runtime/Content/gltf/MaterialFunctions/MF_Occlusion.uexp" 599
"../../../Engine/Plugins/Interchange/Runtime/Content/gltf/MaterialFunctions/MF_Specular.uasset" 600
"../../../Engine/Plugins/Interchange/Runtime/Content/gltf/MaterialFunctions/MF_Specular.uexp" 601
"../../../Engine/Plugins/Interchange/Runtime/Content/gltf/MaterialFunctions/MF_IOR.uasset" 602
"../../../Engine/Plugins/Interchange/Runtime/Content/gltf/MaterialFunctions/MF_IOR.uexp" 603
"../../../Engine/Content/Functions/Engine_MaterialFunctions01/Texturing/FlattenNormal.uasset" 604
"../../../Engine/Content/Functions/Engine_MaterialFunctions01/Texturing/FlattenNormal.uexp" 605
"../../../Engine/Content/Functions/Engine_MaterialFunctions02/Math/Transform3x3Matrix.uasset" 606
"../../../Engine/Content/Functions/Engine_MaterialFunctions02/Math/Transform3x3Matrix.uexp" 607
"../../../Engine/Plugins/Interchange/Runtime/Content/gltf/MaterialFunctions/MF_RotateNormals_TS.uasset" 608
"../../../Engine/Plugins/Interchange/Runtime/Content/gltf/MaterialFunctions/MF_RotateNormals_TS.uexp" 609
"../../../Engine/Plugins/Interchange/Runtime/Content/gltf/Textures/T_Generic_N.uasset" 610
"../../../Engine/Plugins/Interchange/Runtime/Content/gltf/Textures/T_Generic_N.uexp" 611
"../../../Engine/Plugins/Interchange/Runtime/Content/gltf/MaterialFunctions/MF_Normals.uasset" 612
"../../../Engine/Plugins/Interchange/Runtime/Content/gltf/MaterialFunctions/MF_Normals.uexp" 613
"../../../Engine/Plugins/Interchange/Runtime/Content/gltf/MaterialFunctions/MF_PerceivedBrightness.uasset" 614
"../../../Engine/Plugins/Interchange/Runtime/Content/gltf/MaterialFunctions/MF_PerceivedBrightness.uexp" 615
"../../../Engine/Plugins/Interchange/Runtime/Content/gltf/MaterialFunctions/MF_SpecGlossToMetalRoughness.uasset" 616
"../../../Engine/Plugins/Interchange/Runtime/Content/gltf/MaterialFunctions/MF_SpecGlossToMetalRoughness.uexp" 617
"../../../Engine/Plugins/Interchange/Runtime/Content/gltf/M_Transmission.uasset" 618
"../../../Engine/Plugins/Interchange/Runtime/Content/gltf/M_Transmission.uexp" 619
"../../../Engine/Plugins/Interchange/Runtime/Content/gltf/MaterialInstances_MR/MI_Transmission_TS.uasset" 620
"../../../Engine/Plugins/Interchange/Runtime/Content/gltf/MaterialInstances_MR/MI_Transmission_TS.uexp" 621
"../../../Engine/Plugins/Interchange/Runtime/Content/gltf/MaterialInstances_MR/MI_Transmission.uasset" 622
"../../../Engine/Plugins/Interchange/Runtime/Content/gltf/MaterialInstances_MR/MI_Transmission.uexp" 623
"../../../Engine/Plugins/Interchange/Runtime/Content/gltf/MaterialFunctions/MF_Clearcoat.uasset" 624
"../../../Engine/Plugins/Interchange/Runtime/Content/gltf/MaterialFunctions/MF_Clearcoat.uexp" 625
"../../../Engine/Plugins/Interchange/Runtime/Content/gltf/MaterialFunctions/MF_Emissive.uasset" 626
"../../../Engine/Plugins/Interchange/Runtime/Content/gltf/MaterialFunctions/MF_Emissive.uexp" 627
"../../../Engine/Plugins/Interchange/Runtime/Content/gltf/M_Translucent.uasset" 628
"../../../Engine/Plugins/Interchange/Runtime/Content/gltf/M_Translucent.uexp" 629
"../../../Engine/Plugins/Interchange/Runtime/Content/gltf/MaterialInstances_MR/MI_Translucent_TS.uasset" 630
"../../../Engine/Plugins/Interchange/Runtime/Content/gltf/MaterialInstances_MR/MI_Translucent_TS.uexp" 631
"../../../Engine/Plugins/Interchange/Runtime/Content/gltf/MaterialInstances_MR/MI_Translucent_ClearCoat_TS.uasset" 632
"../../../Engine/Plugins/Interchange/Runtime/Content/gltf/MaterialInstances_MR/MI_Translucent_ClearCoat_TS.uexp" 633
"../../../Engine/Plugins/Interchange/Runtime/Content/gltf/MaterialInstances_MR/MI_Translucent_ClearCoat.uasset" 634
"../../../Engine/Plugins/Interchange/Runtime/Content/gltf/MaterialInstances_MR/MI_Translucent_ClearCoat.uexp" 635
"../../../Engine/Plugins/Interchange/Runtime/Content/gltf/MaterialInstances_MR/MI_Translucent.uasset" 636
"../../../Engine/Plugins/Interchange/Runtime/Content/gltf/MaterialInstances_MR/MI_Translucent.uexp" 637
"../../../Engine/Plugins/Interchange/Runtime/Content/gltf/M_Unlit.uasset" 638
"../../../Engine/Plugins/Interchange/Runtime/Content/gltf/M_Unlit.uexp" 639
"../../../Engine/Plugins/Interchange/Runtime/Content/gltf/MaterialInstances_MR/MI_Opaque_Unlit_TS.uasset" 640
"../../../Engine/Plugins/Interchange/Runtime/Content/gltf/MaterialInstances_MR/MI_Opaque_Unlit_TS.uexp" 641
"../../../Engine/Plugins/Interchange/Runtime/Content/gltf/MaterialInstances_MR/MI_Opaque_Unlit.uasset" 642
"../../../Engine/Plugins/Interchange/Runtime/Content/gltf/MaterialInstances_MR/MI_Opaque_Unlit.uexp" 643
"../../../Engine/Plugins/Interchange/Runtime/Content/gltf/M_Opaque.uasset" 644
"../../../Engine/Plugins/Interchange/Runtime/Content/gltf/M_Opaque.uexp" 645
"../../../Engine/Plugins/Interchange/Runtime/Content/gltf/MaterialInstances_MR/MI_Opaque_TS.uasset" 646
"../../../Engine/Plugins/Interchange/Runtime/Content/gltf/MaterialInstances_MR/MI_Opaque_TS.uexp" 647
"../../../Engine/Plugins/Interchange/Runtime/Content/gltf/MaterialFunctions/MF_Sheen.uasset" 648
"../../../Engine/Plugins/Interchange/Runtime/Content/gltf/MaterialFunctions/MF_Sheen.uexp" 649
"../../../Engine/Content/Functions/Engine_MaterialFunctions01/Shading/FuzzyShading.uasset" 650
"../../../Engine/Content/Functions/Engine_MaterialFunctions01/Shading/FuzzyShading.uexp" 651
"../../../Engine/Plugins/Interchange/Runtime/Content/gltf/M_Sheen.uasset" 652
"../../../Engine/Plugins/Interchange/Runtime/Content/gltf/M_Sheen.uexp" 653
"../../../Engine/Plugins/Interchange/Runtime/Content/gltf/MaterialInstances_MR/MI_Opaque_Sheen_TS.uasset" 654
"../../../Engine/Plugins/Interchange/Runtime/Content/gltf/MaterialInstances_MR/MI_Opaque_Sheen_TS.uexp" 655
"../../../Engine/Plugins/Interchange/Runtime/Content/gltf/MaterialInstances_MR/MI_Opaque_Sheen.uasset" 656
"../../../Engine/Plugins/Interchange/Runtime/Content/gltf/MaterialInstances_MR/MI_Opaque_Sheen.uexp" 657
"../../../Engine/Plugins/Interchange/Runtime/Content/gltf/MaterialInstances_MR/MI_Opaque_ClearCoat_TS.uasset" 658
"../../../Engine/Plugins/Interchange/Runtime/Content/gltf/MaterialInstances_MR/MI_Opaque_ClearCoat_TS.uexp" 659
"../../../Engine/Plugins/Interchange/Runtime/Content/gltf/MaterialInstances_MR/MI_Opaque_ClearCoat.uasset" 660
"../../../Engine/Plugins/Interchange/Runtime/Content/gltf/MaterialInstances_MR/MI_Opaque_ClearCoat.uexp" 661
"../../../Engine/Plugins/Interchange/Runtime/Content/gltf/MaterialInstances_MR/MI_Opaque.uasset" 662
"../../../Engine/Plugins/Interchange/Runtime/Content/gltf/MaterialInstances_MR/MI_Opaque.uexp" 663
"../../../Engine/Plugins/Interchange/Runtime/Content/gltf/MaterialInstances_SG/MI_Transmission_TS.uasset" 664
"../../../Engine/Plugins/Interchange/Runtime/Content/gltf/MaterialInstances_SG/MI_Transmission_TS.uexp" 665
"../../../Engine/Plugins/Interchange/Runtime/Content/gltf/MaterialInstances_SG/MI_Transmission.uasset" 666
"../../../Engine/Plugins/Interchange/Runtime/Content/gltf/MaterialInstances_SG/MI_Transmission.uexp" 667
"../../../Engine/Plugins/Interchange/Runtime/Content/gltf/MaterialInstances_SG/MI_Translucent_TS.uasset" 668
"../../../Engine/Plugins/Interchange/Runtime/Content/gltf/MaterialInstances_SG/MI_Translucent_TS.uexp" 669
"../../../Engine/Plugins/Interchange/Runtime/Content/gltf/MaterialInstances_SG/MI_Translucent_ClearCoat_TS.uasset" 670
"../../../Engine/Plugins/Interchange/Runtime/Content/gltf/MaterialInstances_SG/MI_Translucent_ClearCoat_TS.uexp" 671
"../../../Engine/Plugins/Interchange/Runtime/Content/gltf/MaterialInstances_SG/MI_Translucent_ClearCoat.uasset" 672
"../../../Engine/Plugins/Interchange/Runtime/Content/gltf/MaterialInstances_SG/MI_Translucent_ClearCoat.uexp" 673
"../../../Engine/Plugins/Interchange/Runtime/Content/gltf/MaterialInstances_SG/MI_Translucent.uasset" 674
"../../../Engine/Plugins/Interchange/Runtime/Content/gltf/MaterialInstances_SG/MI_Translucent.uexp" 675
"../../../Engine/Plugins/Interchange/Runtime/Content/gltf/MaterialInstances_SG/MI_Opaque_TS.uasset" 676
"../../../Engine/Plugins/Interchange/Runtime/Content/gltf/MaterialInstances_SG/MI_Opaque_TS.uexp" 677
"../../../Engine/Plugins/Interchange/Runtime/Content/gltf/MaterialInstances_SG/MI_Opaque_Sheen_TS.uasset" 678
"../../../Engine/Plugins/Interchange/Runtime/Content/gltf/MaterialInstances_SG/MI_Opaque_Sheen_TS.uexp" 679
"../../../Engine/Plugins/Interchange/Runtime/Content/gltf/MaterialInstances_SG/MI_Opaque_Sheen.uasset" 680
"../../../Engine/Plugins/Interchange/Runtime/Content/gltf/MaterialInstances_SG/MI_Opaque_Sheen.uexp" 681
"../../../Engine/Plugins/Interchange/Runtime/Content/gltf/MaterialInstances_SG/MI_Opaque_ClearCoat_TS.uasset" 682
"../../../Engine/Plugins/Interchange/Runtime/Content/gltf/MaterialInstances_SG/MI_Opaque_ClearCoat_TS.uexp" 683
"../../../Engine/Plugins/Interchange/Runtime/Content/gltf/MaterialInstances_SG/MI_Opaque_ClearCoat.uasset" 684
"../../../Engine/Plugins/Interchange/Runtime/Content/gltf/MaterialInstances_SG/MI_Opaque_ClearCoat.uexp" 685
"../../../Engine/Plugins/Interchange/Runtime/Content/gltf/MaterialInstances_SG/MI_Opaque.uasset" 686
"../../../Engine/Plugins/Interchange/Runtime/Content/gltf/MaterialInstances_SG/MI_Opaque.uexp" 687
"../../../Engine/Plugins/Interchange/Runtime/Content/gltf/Textures/T_Gray_Linear.uasset" 688
"../../../Engine/Plugins/Interchange/Runtime/Content/gltf/Textures/T_Gray_Linear.uexp" 689
"../../../Engine/Plugins/Interchange/Runtime/Content/gltf/Textures/T_Black_srgb.uasset" 690
"../../../Engine/Plugins/Interchange/Runtime/Content/gltf/Textures/T_Black_srgb.uexp" 691
"../../../Engine/Plugins/Interchange/Runtime/Content/Materials/UnlitMaterial.uasset" 692
"../../../Engine/Plugins/Interchange/Runtime/Content/Materials/UnlitMaterial.uexp" 693
"../../../Engine/Content/EngineMaterials/DefaultNormal.ubulk" 694
"../../../Engine/Content/EngineMaterials/DefaultNormal.uasset" 695
"../../../Engine/Content/EngineMaterials/DefaultNormal.uexp" 696
"../../../Engine/Plugins/Interchange/Runtime/Content/Materials/MapOrScalarFunction.uasset" 697
"../../../Engine/Plugins/Interchange/Runtime/Content/Materials/MapOrScalarFunction.uexp" 698
"../../../Engine/Plugins/Interchange/Runtime/Content/Materials/MapOrLinearColorFunction.uasset" 699
"../../../Engine/Plugins/Interchange/Runtime/Content/Materials/MapOrLinearColorFunction.uexp" 700
"../../../Engine/Plugins/Interchange/Runtime/Content/Materials/MapOrColorFunction.uasset" 701
"../../../Engine/Plugins/Interchange/Runtime/Content/Materials/MapOrColorFunction.uexp" 702
"../../../Engine/Plugins/Interchange/Runtime/Content/Materials/CommonMaterial.uasset" 703
"../../../Engine/Plugins/Interchange/Runtime/Content/Materials/CommonMaterial.uexp" 704
"../../../Engine/Plugins/Interchange/Runtime/Content/Materials/PBRSurfaceFunction.uasset" 705
"../../../Engine/Plugins/Interchange/Runtime/Content/Materials/PBRSurfaceFunction.uexp" 706
"../../../Engine/Plugins/Interchange/Runtime/Content/Materials/ThinTranslucentMaterial.uasset" 707
"../../../Engine/Plugins/Interchange/Runtime/Content/Materials/ThinTranslucentMaterial.uexp" 708
"../../../Engine/Plugins/Interchange/Runtime/Content/Materials/SubsurfaceMaterial.uasset" 709
"../../../Engine/Plugins/Interchange/Runtime/Content/Materials/SubsurfaceMaterial.uexp" 710
"../../../Engine/Plugins/Interchange/Runtime/Content/Materials/SheenMaterial.uasset" 711
"../../../Engine/Plugins/Interchange/Runtime/Content/Materials/SheenMaterial.uexp" 712
"../../../Engine/Content/Functions/Engine_MaterialFunctions01/Shading/ConvertFromDiffSpec.uasset" 713
"../../../Engine/Content/Functions/Engine_MaterialFunctions01/Shading/ConvertFromDiffSpec.uexp" 714
"../../../Engine/Plugins/Interchange/Runtime/Content/Materials/PhongSurfaceMaterial.uasset" 715
"../../../Engine/Plugins/Interchange/Runtime/Content/Materials/PhongSurfaceMaterial.uexp" 716
"../../../Engine/Plugins/Interchange/Runtime/Content/Materials/PBRSurfaceMaterial.uasset" 717
"../../../Engine/Plugins/Interchange/Runtime/Content/Materials/PBRSurfaceMaterial.uexp" 718
"../../../Engine/Content/EngineMaterials/FlatNormal.uasset" 719
"../../../Engine/Content/EngineMaterials/FlatNormal.uexp" 720
"../../../Engine/Content/EditorLandscapeResources/WhiteSquareTexture.uasset" 721
"../../../Engine/Content/EditorLandscapeResources/WhiteSquareTexture.uexp" 722
"../../../Engine/Plugins/Interchange/Runtime/Content/Materials/OrenNayerMaterial.uasset" 723
"../../../Engine/Plugins/Interchange/Runtime/Content/Materials/OrenNayerMaterial.uexp" 724
"../../../Engine/Plugins/Interchange/Runtime/Content/Materials/LambertSurfaceMaterial.uasset" 725
"../../../Engine/Plugins/Interchange/Runtime/Content/Materials/LambertSurfaceMaterial.uexp" 726
"../../../Engine/Plugins/Interchange/Runtime/Content/Materials/ClearCoatMaterial.uasset" 727
"../../../Engine/Plugins/Interchange/Runtime/Content/Materials/ClearCoatMaterial.uexp" 728
"../../../Engine/Plugins/Interchange/Runtime/Content/Pipelines/DefaultTexturePipeline.uasset" 729
"../../../Engine/Plugins/Interchange/Runtime/Content/Pipelines/DefaultTexturePipeline.uexp" 730
"../../../Engine/Plugins/Interchange/Runtime/Content/Pipelines/DefaultSceneLevelPipeline.uasset" 731
"../../../Engine/Plugins/Interchange/Runtime/Content/Pipelines/DefaultSceneLevelPipeline.uexp" 732
"../../../Engine/Plugins/Interchange/Runtime/Content/Pipelines/DefaultSceneAssetsPipeline.uasset" 733
"../../../Engine/Plugins/Interchange/Runtime/Content/Pipelines/DefaultSceneAssetsPipeline.uexp" 734
"../../../Engine/Plugins/Interchange/Runtime/Content/Pipelines/DefaultMaterialPipeline.uasset" 735
"../../../Engine/Plugins/Interchange/Runtime/Content/Pipelines/DefaultMaterialPipeline.uexp" 736
"../../../Engine/Plugins/Interchange/Runtime/Content/Pipelines/DefaultAssetsPipeline.uasset" 737
"../../../Engine/Plugins/Interchange/Runtime/Content/Pipelines/DefaultAssetsPipeline.uexp" 738
"../../../Engine/Plugins/Runtime/MeshModelingToolset/Content/Materials/M_DynamicMeshComponentVtxColor.uasset" 739
"../../../Engine/Plugins/Runtime/MeshModelingToolset/Content/Materials/M_DynamicMeshComponentVtxColor.uexp" 740
"../../../Engine/Content/Maps/Entry_BuiltData.uasset" 741
"../../../Engine/Content/Maps/Entry_BuiltData.uexp" 742
"../../../Engine/Content/Maps/Entry.uexp" 743
"../../../Engine/Content/Maps/Entry.umap" 744
"../../../Engine/Content/BasicShapes/Sphere.ubulk" 745
"../../../Engine/Content/BasicShapes/Sphere.uasset" 746
"../../../Engine/Content/BasicShapes/Sphere.uexp" 747
"../../../Engine/Content/MapTemplates/Sky/DaylightAmbientCubemap.uasset" 748
"../../../Engine/Content/MapTemplates/Sky/DaylightAmbientCubemap.uexp" 749
"C:/UnrealProjects/TGS_2026_TeamJ/Content/StarterContent/Blueprints/Assets/M_LightStage_Skybox_Master.uasset" 750
"C:/UnrealProjects/TGS_2026_TeamJ/Content/StarterContent/Blueprints/Assets/M_LightStage_Skybox_Master.uexp" 751
"C:/UnrealProjects/TGS_2026_TeamJ/Content/StarterContent/Blueprints/Assets/M_LightStage_Skybox_Black.uasset" 752
"C:/UnrealProjects/TGS_2026_TeamJ/Content/StarterContent/Blueprints/Assets/M_LightStage_Skybox_Black.uexp" 753
"C:/UnrealProjects/TGS_2026_TeamJ/Content/BluePrint_Pinball/BP_Pinball.uasset" 754
"C:/UnrealProjects/TGS_2026_TeamJ/Content/BluePrint_Pinball/BP_Pinball.uexp" 755
"C:/UnrealProjects/TGS_2026_TeamJ/Content/System_Pinball/Input/IA_Launcher.uasset" 756
"C:/UnrealProjects/TGS_2026_TeamJ/Content/System_Pinball/Input/IA_Launcher.uexp" 757
"../../../Engine/Content/EditorBlueprintResources/StandardMacros.uasset" 758
"../../../Engine/Content/EditorBlueprintResources/StandardMacros.uexp" 759
"C:/UnrealProjects/TGS_2026_TeamJ/Content/BluePrint_Pinball/BP_Launcher.uasset" 760
"C:/UnrealProjects/TGS_2026_TeamJ/Content/BluePrint_Pinball/BP_Launcher.uexp" 761
"C:/UnrealProjects/TGS_2026_TeamJ/Content/StarterContent/Materials/M_Basic_Wall.uasset" 762
"C:/UnrealProjects/TGS_2026_TeamJ/Content/StarterContent/Materials/M_Basic_Wall.uexp" 763
"C:/UnrealProjects/TGS_2026_TeamJ/Content/StarterContent/Shapes/Shape_Cylinder.ubulk" 764
"C:/UnrealProjects/TGS_2026_TeamJ/Content/StarterContent/Shapes/Shape_Cylinder.uasset" 765
"C:/UnrealProjects/TGS_2026_TeamJ/Content/StarterContent/Shapes/Shape_Cylinder.uexp" 766
"C:/UnrealProjects/TGS_2026_TeamJ/Content/Maps_Pinball/_GENERATED/kbc12306183/Box_37F2593B.ubulk" 767
"C:/UnrealProjects/TGS_2026_TeamJ/Content/Maps_Pinball/_GENERATED/kbc12306183/Box_37F2593B.uasset" 768
"C:/UnrealProjects/TGS_2026_TeamJ/Content/Maps_Pinball/_GENERATED/kbc12306183/Box_37F2593B.uexp" 769
"C:/UnrealProjects/TGS_2026_TeamJ/Content/Maps_Pinball/_GENERATED/kbc12306183/Box_E6317A2B.ubulk" 770
"C:/UnrealProjects/TGS_2026_TeamJ/Content/Maps_Pinball/_GENERATED/kbc12306183/Box_E6317A2B.uasset" 771
"C:/UnrealProjects/TGS_2026_TeamJ/Content/Maps_Pinball/_GENERATED/kbc12306183/Box_E6317A2B.uexp" 772
"../../../Engine/Content/EngineMaterials/BlendFunc_DefBlend.uasset" 773
"../../../Engine/Content/EngineMaterials/BlendFunc_DefBlend.uexp" 774
"../../../Engine/Content/EngineMaterials/BlendFunc_DefBase.uasset" 775
"../../../Engine/Content/EngineMaterials/BlendFunc_DefBase.uexp" 776
"../../../Engine/Content/Functions/Engine_MaterialFunctions03/Blends/Blend_Overlay.uasset" 777
"../../../Engine/Content/Functions/Engine_MaterialFunctions03/Blends/Blend_Overlay.uexp" 778
"../../../Engine/Content/OpenWorldTemplate/LandscapeMaterial/T_GridChecker_A.ubulk" 779
"../../../Engine/Content/OpenWorldTemplate/LandscapeMaterial/T_GridChecker_A.uasset" 780
"../../../Engine/Content/OpenWorldTemplate/LandscapeMaterial/T_GridChecker_A.uexp" 781
"../../../Engine/Content/Functions/Engine_MaterialFunctions01/Gradient/LinearGradient.uasset" 782
"../../../Engine/Content/Functions/Engine_MaterialFunctions01/Gradient/LinearGradient.uexp" 783
"../../../Engine/Content/Functions/Engine_MaterialFunctions01/ImageAdjustment/CheapContrast.uasset" 784
"../../../Engine/Content/Functions/Engine_MaterialFunctions01/ImageAdjustment/CheapContrast.uexp" 785
"../../../Engine/Content/OpenWorldTemplate/LandscapeMaterial/MF_ProcGrid.uasset" 786
"../../../Engine/Content/OpenWorldTemplate/LandscapeMaterial/MF_ProcGrid.uexp" 787
"../../../Engine/Content/OpenWorldTemplate/LandscapeMaterial/M_ProcGrid.uasset" 788
"../../../Engine/Content/OpenWorldTemplate/LandscapeMaterial/M_ProcGrid.uexp" 789
"../../../Engine/Content/OpenWorldTemplate/LandscapeMaterial/MI_ProcGrid.uasset" 790
"../../../Engine/Content/OpenWorldTemplate/LandscapeMaterial/MI_ProcGrid.uexp" 791
"C:/UnrealProjects/TGS_2026_TeamJ/Content/BluePrint_Pinball/BP_Hole.uasset" 792
"C:/UnrealProjects/TGS_2026_TeamJ/Content/BluePrint_Pinball/BP_Hole.uexp" 793
"C:/UnrealProjects/TGS_2026_TeamJ/Content/BluePrint_Pinball/BP_Normal.uasset" 794
"C:/UnrealProjects/TGS_2026_TeamJ/Content/BluePrint_Pinball/BP_Normal.uexp" 795
"C:/UnrealProjects/TGS_2026_TeamJ/Content/Material_Pinball/PM_Board.uasset" 796
"C:/UnrealProjects/TGS_2026_TeamJ/Content/Material_Pinball/PM_Board.uexp" 797
"C:/UnrealProjects/TGS_2026_TeamJ/Content/Material_Pinball/M_Board.uasset" 798
"C:/UnrealProjects/TGS_2026_TeamJ/Content/Material_Pinball/M_Board.uexp" 799
"C:/UnrealProjects/TGS_2026_TeamJ/Content/Maps_Pinball/_GENERATED/kbc12306183/Box_87DD8616.ubulk" 800
"C:/UnrealProjects/TGS_2026_TeamJ/Content/Maps_Pinball/_GENERATED/kbc12306183/Box_87DD8616.uasset" 801
"C:/UnrealProjects/TGS_2026_TeamJ/Content/Maps_Pinball/_GENERATED/kbc12306183/Box_87DD8616.uexp" 802
"../../../Engine/Content/BasicShapes/Plane.ubulk" 803
"../../../Engine/Content/BasicShapes/Plane.uasset" 804
"../../../Engine/Content/BasicShapes/Plane.uexp" 805
"C:/UnrealProjects/TGS_2026_TeamJ/Content/StarterContent/Textures/T_Tech_Hex_Tile_M.ubulk" 806
"C:/UnrealProjects/TGS_2026_TeamJ/Content/StarterContent/Textures/T_Tech_Hex_Tile_M.uasset" 807
"C:/UnrealProjects/TGS_2026_TeamJ/Content/StarterContent/Textures/T_Tech_Hex_Tile_M.uexp" 808
"C:/UnrealProjects/TGS_2026_TeamJ/Content/StarterContent/Textures/T_Tech_Hex_Tile_N.ubulk" 809
"C:/UnrealProjects/TGS_2026_TeamJ/Content/StarterContent/Textures/T_Tech_Hex_Tile_N.uasset" 810
"C:/UnrealProjects/TGS_2026_TeamJ/Content/StarterContent/Textures/T_Tech_Hex_Tile_N.uexp" 811
"C:/UnrealProjects/TGS_2026_TeamJ/Content/StarterContent/Textures/T_MacroVariation.uasset" 812
"C:/UnrealProjects/TGS_2026_TeamJ/Content/StarterContent/Textures/T_MacroVariation.uexp" 813
"C:/UnrealProjects/TGS_2026_TeamJ/Content/StarterContent/Materials/M_Tech_Hex_Tile_Pulse.uasset" 814
"C:/UnrealProjects/TGS_2026_TeamJ/Content/StarterContent/Materials/M_Tech_Hex_Tile_Pulse.uexp" 815
"C:/UnrealProjects/TGS_2026_TeamJ/Content/BluePrint_Pinball/BP_SpeedUpPanel.uasset" 816
"C:/UnrealProjects/TGS_2026_TeamJ/Content/BluePrint_Pinball/BP_SpeedUpPanel.uexp" 817
"../../../Engine/Content/EngineSky/T_Sky_Stars.ubulk" 818
"../../../Engine/Content/EngineSky/T_Sky_Stars.uasset" 819
"../../../Engine/Content/EngineSky/T_Sky_Stars.uexp" 820
"../../../Engine/Content/EngineSky/T_Sky_Clouds_M.ubulk" 821
"../../../Engine/Content/EngineSky/T_Sky_Clouds_M.uasset" 822
"../../../Engine/Content/EngineSky/T_Sky_Clouds_M.uexp" 823
"../../../Engine/Content/EngineSky/T_Sky_Blue.ubulk" 824
"../../../Engine/Content/EngineSky/T_Sky_Blue.uasset" 825
"../../../Engine/Content/EngineSky/T_Sky_Blue.uexp" 826
"../../../Engine/Content/EngineSky/M_Sky_Panning_Clouds2.uasset" 827
"../../../Engine/Content/EngineSky/M_Sky_Panning_Clouds2.uexp" 828
"../../../Engine/Content/EngineSky/SM_SkySphere.ubulk" 829
"../../../Engine/Content/EngineSky/SM_SkySphere.uasset" 830
"../../../Engine/Content/EngineSky/SM_SkySphere.uexp" 831
"C:/UnrealProjects/TGS_2026_TeamJ/Content/Maps_Pinball/_GENERATED/kbc12306183/Box_CE6E3139.ubulk" 832
"C:/UnrealProjects/TGS_2026_TeamJ/Content/Maps_Pinball/_GENERATED/kbc12306183/Box_CE6E3139.uasset" 833
"C:/UnrealProjects/TGS_2026_TeamJ/Content/Maps_Pinball/_GENERATED/kbc12306183/Box_CE6E3139.uexp" 834
"../../../Engine/Content/MapTemplates/SM_Template_Map_Floor.ubulk" 835
"../../../Engine/Content/MapTemplates/SM_Template_Map_Floor.uasset" 836
"../../../Engine/Content/MapTemplates/SM_Template_Map_Floor.uexp" 837
"C:/UnrealProjects/TGS_2026_TeamJ/Content/LevelPrototyping/Materials/M_Solid.uasset" 838
"C:/UnrealProjects/TGS_2026_TeamJ/Content/LevelPrototyping/Materials/M_Solid.uexp" 839
"C:/UnrealProjects/TGS_2026_TeamJ/Content/LevelPrototyping/Materials/MI_Solid_Blue.uasset" 840
"C:/UnrealProjects/TGS_2026_TeamJ/Content/LevelPrototyping/Materials/MI_Solid_Blue.uexp" 841
"C:/UnrealProjects/TGS_2026_TeamJ/Content/Maps_Pinball/Map_Level1_BuiltData.uasset" 842
"C:/UnrealProjects/TGS_2026_TeamJ/Content/Maps_Pinball/Map_Level1_BuiltData.uexp" 843
"C:/UnrealProjects/TGS_2026_TeamJ/Content/StarterContent/Textures/atari.uasset" 844
"C:/UnrealProjects/TGS_2026_TeamJ/Content/StarterContent/Textures/atari.uexp" 845
"C:/UnrealProjects/TGS_2026_TeamJ/Content/Widget_Pinball/WBP_HitProduction.uasset" 846
"C:/UnrealProjects/TGS_2026_TeamJ/Content/Widget_Pinball/WBP_HitProduction.uexp" 847
"C:/UnrealProjects/TGS_2026_TeamJ/Content/StarterContent/Textures/T_Wood_Pine_D.ubulk" 848
"C:/UnrealProjects/TGS_2026_TeamJ/Content/StarterContent/Textures/T_Wood_Pine_D.uasset" 849
"C:/UnrealProjects/TGS_2026_TeamJ/Content/StarterContent/Textures/T_Wood_Pine_D.uexp" 850
"C:/UnrealProjects/TGS_2026_TeamJ/Content/StarterContent/Textures/T_Spark_Core.ubulk" 851
"C:/UnrealProjects/TGS_2026_TeamJ/Content/StarterContent/Textures/T_Spark_Core.uasset" 852
"C:/UnrealProjects/TGS_2026_TeamJ/Content/StarterContent/Textures/T_Spark_Core.uexp" 853
"C:/UnrealProjects/TGS_2026_TeamJ/Content/Widget_Pinball/image/fr_wh2.uasset" 854
"C:/UnrealProjects/TGS_2026_TeamJ/Content/Widget_Pinball/image/fr_wh2.uexp" 855
"C:/UnrealProjects/TGS_2026_TeamJ/Content/Widget_Pinball/image/fr_wh5.uasset" 856
"C:/UnrealProjects/TGS_2026_TeamJ/Content/Widget_Pinball/image/fr_wh5.uexp" 857
"C:/UnrealProjects/TGS_2026_TeamJ/Content/StarterContent/Textures/T_Statue_M.ubulk" 858
"C:/UnrealProjects/TGS_2026_TeamJ/Content/StarterContent/Textures/T_Statue_M.uasset" 859
"C:/UnrealProjects/TGS_2026_TeamJ/Content/StarterContent/Textures/T_Statue_M.uexp" 860
"C:/UnrealProjects/TGS_2026_TeamJ/Content/StarterContent/Textures/T_Checker_Noise_M.ubulk" 861
"C:/UnrealProjects/TGS_2026_TeamJ/Content/StarterContent/Textures/T_Checker_Noise_M.uasset" 862
"C:/UnrealProjects/TGS_2026_TeamJ/Content/StarterContent/Textures/T_Checker_Noise_M.uexp" 863
"C:/UnrealProjects/TGS_2026_TeamJ/Content/StarterContent/Textures/T_Door_N.ubulk" 864
"C:/UnrealProjects/TGS_2026_TeamJ/Content/StarterContent/Textures/T_Door_N.uasset" 865
"C:/UnrealProjects/TGS_2026_TeamJ/Content/StarterContent/Textures/T_Door_N.uexp" 866
"C:/UnrealProjects/TGS_2026_TeamJ/Content/Widget_Pinball/image/fr_wh6.uasset" 867
"C:/UnrealProjects/TGS_2026_TeamJ/Content/Widget_Pinball/image/fr_wh6.uexp" 868
"C:/UnrealProjects/TGS_2026_TeamJ/Content/Widget_Pinball/image/fr_wh1.uasset" 869
"C:/UnrealProjects/TGS_2026_TeamJ/Content/Widget_Pinball/image/fr_wh1.uexp" 870
"C:/UnrealProjects/TGS_2026_TeamJ/Content/LevelPrototyping/Textures/T_GridChecker_A.ubulk" 871
"C:/UnrealProjects/TGS_2026_TeamJ/Content/LevelPrototyping/Textures/T_GridChecker_A.uasset" 872
"C:/UnrealProjects/TGS_2026_TeamJ/Content/LevelPrototyping/Textures/T_GridChecker_A.uexp" 873
"C:/UnrealProjects/TGS_2026_TeamJ/Content/Widget_Pinball/image/fr_wh4.uasset" 874
"C:/UnrealProjects/TGS_2026_TeamJ/Content/Widget_Pinball/image/fr_wh4.uexp" 875
"C:/UnrealProjects/TGS_2026_TeamJ/Content/Widget_Pinball/image/fr_wh3.uasset" 876
"C:/UnrealProjects/TGS_2026_TeamJ/Content/Widget_Pinball/image/fr_wh3.uexp" 877
"C:/UnrealProjects/TGS_2026_TeamJ/Content/Widget_Pinball/reel_widget1.uasset" 878
"C:/UnrealProjects/TGS_2026_TeamJ/Content/Widget_Pinball/reel_widget1.uexp" 879
"C:/UnrealProjects/TGS_2026_TeamJ/Content/Widget_Pinball/WBP_ReelSet.uasset" 880
"C:/UnrealProjects/TGS_2026_TeamJ/Content/Widget_Pinball/WBP_ReelSet.uexp" 881
"C:/UnrealProjects/TGS_2026_TeamJ/Content/System_Pinball/Input/IA_LeftButton.uasset" 882
"C:/UnrealProjects/TGS_2026_TeamJ/Content/System_Pinball/Input/IA_LeftButton.uexp" 883
"C:/UnrealProjects/TGS_2026_TeamJ/Content/System_Pinball/Input/IA_RightButton.uasset" 884
"C:/UnrealProjects/TGS_2026_TeamJ/Content/System_Pinball/Input/IA_RightButton.uexp" 885
"C:/UnrealProjects/TGS_2026_TeamJ/Content/System_Pinball/Input/IMC_Pinball.uasset" 886
"C:/UnrealProjects/TGS_2026_TeamJ/Content/System_Pinball/Input/IMC_Pinball.uexp" 887
"C:/UnrealProjects/TGS_2026_TeamJ/Content/System_Pinball/PC_Pinball.uasset" 888
"C:/UnrealProjects/TGS_2026_TeamJ/Content/System_Pinball/PC_Pinball.uexp" 889
"C:/UnrealProjects/TGS_2026_TeamJ/Content/FirstPerson/Blueprints/BP_FirstPersonGameMode.uasset" 890
"C:/UnrealProjects/TGS_2026_TeamJ/Content/FirstPerson/Blueprints/BP_FirstPersonGameMode.uexp" 891
"C:/UnrealProjects/TGS_2026_TeamJ/Content/BluePrint_Pinball/BP_Rebound.uasset" 892
"C:/UnrealProjects/TGS_2026_TeamJ/Content/BluePrint_Pinball/BP_Rebound.uexp" 893
"C:/UnrealProjects/TGS_2026_TeamJ/Content/Maps_Pinball/_GENERATED/kbc12306183/Merge_DB88DFA3.ubulk" 894
"C:/UnrealProjects/TGS_2026_TeamJ/Content/Maps_Pinball/_GENERATED/kbc12306183/Merge_DB88DFA3.uasset" 895
"C:/UnrealProjects/TGS_2026_TeamJ/Content/Maps_Pinball/_GENERATED/kbc12306183/Merge_DB88DFA3.uexp" 896
"C:/UnrealProjects/TGS_2026_TeamJ/Content/BluePrint_Pinball/BP_Flipper_Right.uasset" 897
"C:/UnrealProjects/TGS_2026_TeamJ/Content/BluePrint_Pinball/BP_Flipper_Right.uexp" 898
"C:/UnrealProjects/TGS_2026_TeamJ/Content/BluePrint_Pinball/BP_Camera.uasset" 899
"C:/UnrealProjects/TGS_2026_TeamJ/Content/BluePrint_Pinball/BP_Camera.uexp" 900
"C:/UnrealProjects/TGS_2026_TeamJ/Content/Maps_Pinball/_GENERATED/kbc12306183/Box_33C0111C.ubulk" 901
"C:/UnrealProjects/TGS_2026_TeamJ/Content/Maps_Pinball/_GENERATED/kbc12306183/Box_33C0111C.uasset" 902
"C:/UnrealProjects/TGS_2026_TeamJ/Content/Maps_Pinball/_GENERATED/kbc12306183/Box_33C0111C.uexp" 903
"C:/UnrealProjects/TGS_2026_TeamJ/Content/StarterContent/Materials/M_Basic_Floor.uasset" 904
"C:/UnrealProjects/TGS_2026_TeamJ/Content/StarterContent/Materials/M_Basic_Floor.uexp" 905
"C:/UnrealProjects/TGS_2026_TeamJ/Content/Maps_Pinball/_GENERATED/kbc12306183/Cylinder_E0EBC6DA.ubulk" 906
"C:/UnrealProjects/TGS_2026_TeamJ/Content/Maps_Pinball/_GENERATED/kbc12306183/Cylinder_E0EBC6DA.uasset" 907
"C:/UnrealProjects/TGS_2026_TeamJ/Content/Maps_Pinball/_GENERATED/kbc12306183/Cylinder_E0EBC6DA.uexp" 908
"C:/UnrealProjects/TGS_2026_TeamJ/Content/Maps_Pinball/_GENERATED/kbc12306183/Cylinder_E0EBC6DA1.ubulk" 909
"C:/UnrealProjects/TGS_2026_TeamJ/Content/Maps_Pinball/_GENERATED/kbc12306183/Cylinder_E0EBC6DA1.uasset" 910
"C:/UnrealProjects/TGS_2026_TeamJ/Content/Maps_Pinball/_GENERATED/kbc12306183/Cylinder_E0EBC6DA1.uexp" 911
"C:/UnrealProjects/TGS_2026_TeamJ/Content/BluePrint_Pinball/BP_Flipper_Left.uasset" 912
"C:/UnrealProjects/TGS_2026_TeamJ/Content/BluePrint_Pinball/BP_Flipper_Left.uexp" 913
"C:/UnrealProjects/TGS_2026_TeamJ/Content/Maps_Pinball/_GENERATED/kbc12306183/Box_DE7710B6.ubulk" 914
"C:/UnrealProjects/TGS_2026_TeamJ/Content/Maps_Pinball/_GENERATED/kbc12306183/Box_DE7710B6.uasset" 915
"C:/UnrealProjects/TGS_2026_TeamJ/Content/Maps_Pinball/_GENERATED/kbc12306183/Box_DE7710B6.uexp" 916
"C:/UnrealProjects/TGS_2026_TeamJ/Content/StarterContent/Textures/T_Metal_Gold_N.ubulk" 917
"C:/UnrealProjects/TGS_2026_TeamJ/Content/StarterContent/Textures/T_Metal_Gold_N.uasset" 918
"C:/UnrealProjects/TGS_2026_TeamJ/Content/StarterContent/Textures/T_Metal_Gold_N.uexp" 919
"C:/UnrealProjects/TGS_2026_TeamJ/Content/StarterContent/Textures/T_Metal_Gold_D.ubulk" 920
"C:/UnrealProjects/TGS_2026_TeamJ/Content/StarterContent/Textures/T_Metal_Gold_D.uasset" 921
"C:/UnrealProjects/TGS_2026_TeamJ/Content/StarterContent/Textures/T_Metal_Gold_D.uexp" 922
"C:/UnrealProjects/TGS_2026_TeamJ/Content/StarterContent/Materials/M_Metal_Gold.uasset" 923
"C:/UnrealProjects/TGS_2026_TeamJ/Content/StarterContent/Materials/M_Metal_Gold.uexp" 924
"../../../Engine/Content/EngineSky/M_SimpleSkyDome.uasset" 925
"../../../Engine/Content/EngineSky/M_SimpleSkyDome.uexp" 926
"C:/UnrealProjects/TGS_2026_TeamJ/Content/Maps_Pinball/Map_Level1.uexp" 927
"C:/UnrealProjects/TGS_2026_TeamJ/Content/Maps_Pinball/Map_Level1.umap" 928
